2024-04-22 20:54:32,888 [INFO] Activator:178 - 


2024-04-22 20:54:32,888 [INFO] Activator:179 - !SESSION log4j initialized
2024-04-22 20:54:35,181 [ERROR] LogOutputStream:74 - [STDERR_REDIRECT] [Fatal Error] :1:1: Premature end of file.
2024-04-22 20:54:35,181 [ERROR] LogOutputStream:74 - [STDERR_REDIRECT] 
2024-04-22 20:54:35,198 [ERROR] LogOutputStream:74 - [STDERR_REDIRECT] [Fatal Error] :1:1: Premature end of file.
2024-04-22 20:54:35,198 [ERROR] LogOutputStream:74 - [STDERR_REDIRECT] 
2024-04-22 20:54:35,208 [ERROR] LogOutputStream:74 - [STDERR_REDIRECT] [Fatal Error] :1:1: Premature end of file.
2024-04-22 20:54:35,208 [ERROR] LogOutputStream:74 - [STDERR_REDIRECT] 
2024-04-22 20:57:51,774 [ERROR] LogOutputStream:74 - [STDERR_REDIRECT] [Fatal Error] :1:1: Premature end of file.
2024-04-22 20:57:51,774 [ERROR] LogOutputStream:74 - [STDERR_REDIRECT] 
2024-04-22 20:57:51,792 [ERROR] LogOutputStream:74 - [STDERR_REDIRECT] [Fatal Error] :1:1: Premature end of file.
2024-04-22 20:57:51,792 [ERROR] LogOutputStream:74 - [STDERR_REDIRECT] 
2024-04-22 20:57:51,802 [ERROR] LogOutputStream:74 - [STDERR_REDIRECT] [Fatal Error] :1:1: Premature end of file.
2024-04-22 20:57:51,802 [ERROR] LogOutputStream:74 - [STDERR_REDIRECT] 
2024-04-22 20:57:51,806 [ERROR] LogOutputStream:74 - [STDERR_REDIRECT] [Fatal Error] :1:1: Premature end of file.
2024-04-22 20:57:51,806 [ERROR] LogOutputStream:74 - [STDERR_REDIRECT] 
2024-04-22 20:57:51,822 [ERROR] LogOutputStream:74 - [STDERR_REDIRECT] [Fatal Error] :1:1: Premature end of file.
2024-04-22 20:57:51,822 [ERROR] LogOutputStream:74 - [STDERR_REDIRECT] 
2024-04-22 20:57:51,822 [ERROR] LogOutputStream:74 - [STDERR_REDIRECT] [Fatal Error] :1:1: Premature end of file.
2024-04-22 20:57:51,822 [ERROR] LogOutputStream:74 - [STDERR_REDIRECT] 
2024-04-22 20:57:51,854 [ERROR] LogOutputStream:74 - [STDERR_REDIRECT] [Fatal Error] :1:1: Premature end of file.
2024-04-22 20:57:51,854 [ERROR] LogOutputStream:74 - [STDERR_REDIRECT] 
2024-04-22 20:57:51,901 [ERROR] LogOutputStream:74 - [STDERR_REDIRECT] [Fatal Error] :1:1: Premature end of file.
2024-04-22 20:57:51,901 [ERROR] LogOutputStream:74 - [STDERR_REDIRECT] 
2024-04-22 20:57:51,926 [ERROR] LogOutputStream:74 - [STDERR_REDIRECT] [Fatal Error] :1:1: Premature end of file.
2024-04-22 20:57:51,926 [ERROR] LogOutputStream:74 - [STDERR_REDIRECT] 
2024-04-22 20:57:51,995 [ERROR] LogOutputStream:74 - [STDERR_REDIRECT] [Fatal Error] :1:1: Premature end of file.
2024-04-22 20:57:52,011 [ERROR] LogOutputStream:74 - [STDERR_REDIRECT] 
2024-04-22 20:57:52,024 [ERROR] LogOutputStream:74 - [STDERR_REDIRECT] [Fatal Error] :1:1: Premature end of file.
2024-04-22 20:57:52,024 [ERROR] LogOutputStream:74 - [STDERR_REDIRECT] 
2024-04-22 20:57:52,026 [ERROR] LogOutputStream:74 - [STDERR_REDIRECT] [Fatal Error] :1:1: Premature end of file.
2024-04-22 20:57:52,026 [ERROR] LogOutputStream:74 - [STDERR_REDIRECT] 
2024-04-22 21:03:27,645 [ERROR] LogOutputStream:74 - [STDERR_REDIRECT] [Fatal Error] :1:1: Premature end of file.
2024-04-22 21:03:27,645 [ERROR] LogOutputStream:74 - [STDERR_REDIRECT] 
2024-04-22 21:03:27,645 [ERROR] LogOutputStream:74 - [STDERR_REDIRECT] [Fatal Error] :1:1: Premature end of file.
2024-04-22 21:03:27,645 [ERROR] LogOutputStream:74 - [STDERR_REDIRECT] 
2024-04-22 21:03:27,661 [ERROR] LogOutputStream:74 - [STDERR_REDIRECT] [Fatal Error] :1:1: Premature end of file.
2024-04-22 21:03:27,661 [ERROR] LogOutputStream:74 - [STDERR_REDIRECT] 
2024-04-22 21:03:29,649 [ERROR] LogOutputStream:74 - [STDERR_REDIRECT] [Fatal Error] :1:1: Premature end of file.
2024-04-22 21:03:29,649 [ERROR] LogOutputStream:74 - [STDERR_REDIRECT] 
2024-04-22 21:03:29,663 [ERROR] LogOutputStream:74 - [STDERR_REDIRECT] [Fatal Error] :1:1: Premature end of file.
2024-04-22 21:03:29,663 [ERROR] LogOutputStream:74 - [STDERR_REDIRECT] 
2024-04-22 21:03:29,663 [ERROR] LogOutputStream:74 - [STDERR_REDIRECT] [Fatal Error] :1:1: Premature end of file.
2024-04-22 21:03:29,663 [ERROR] LogOutputStream:74 - [STDERR_REDIRECT] 
2024-04-22 21:09:24,231 [ERROR] LogOutputStream:74 - [STDERR_REDIRECT] [Fatal Error] :1:1: Premature end of file.
2024-04-22 21:09:24,231 [ERROR] LogOutputStream:74 - [STDERR_REDIRECT] 
2024-04-22 21:09:24,244 [ERROR] LogOutputStream:74 - [STDERR_REDIRECT] [Fatal Error] :1:1: Premature end of file.
2024-04-22 21:09:24,244 [ERROR] LogOutputStream:74 - [STDERR_REDIRECT] 
2024-04-22 21:09:24,251 [ERROR] LogOutputStream:74 - [STDERR_REDIRECT] [Fatal Error] :1:1: Premature end of file.
2024-04-22 21:09:24,261 [ERROR] LogOutputStream:74 - [STDERR_REDIRECT] 
2024-04-22 21:09:24,657 [ERROR] LogOutputStream:74 - [STDERR_REDIRECT] [Fatal Error] :1:1: Premature end of file.
2024-04-22 21:09:24,657 [ERROR] LogOutputStream:74 - [STDERR_REDIRECT] 
2024-04-22 21:09:24,673 [ERROR] LogOutputStream:74 - [STDERR_REDIRECT] [Fatal Error] :1:1: Premature end of file.
2024-04-22 21:09:24,673 [ERROR] LogOutputStream:74 - [STDERR_REDIRECT] 
2024-04-22 21:09:24,689 [ERROR] LogOutputStream:74 - [STDERR_REDIRECT] [Fatal Error] :1:1: Premature end of file.
2024-04-22 21:09:24,689 [ERROR] LogOutputStream:74 - [STDERR_REDIRECT] 
2024-04-22 21:51:05,837 [ERROR] LogOutputStream:74 - [STDERR_REDIRECT] [Fatal Error] :1:1: Premature end of file.
2024-04-22 21:51:05,837 [ERROR] LogOutputStream:74 - [STDERR_REDIRECT] 
2024-04-22 21:51:05,890 [ERROR] LogOutputStream:74 - [STDERR_REDIRECT] [Fatal Error] :1:1: Premature end of file.
2024-04-22 21:51:05,890 [ERROR] LogOutputStream:74 - [STDERR_REDIRECT] 
2024-04-22 21:51:05,902 [ERROR] LogOutputStream:74 - [STDERR_REDIRECT] [Fatal Error] :1:1: Premature end of file.
2024-04-22 21:51:05,902 [ERROR] LogOutputStream:74 - [STDERR_REDIRECT] 
2024-04-22 21:51:06,705 [ERROR] LogOutputStream:74 - [STDERR_REDIRECT] [Fatal Error] :1:1: Premature end of file.
2024-04-22 21:51:06,705 [ERROR] LogOutputStream:74 - [STDERR_REDIRECT] 
2024-04-22 21:51:06,737 [ERROR] LogOutputStream:74 - [STDERR_REDIRECT] [Fatal Error] :1:1: Premature end of file.
2024-04-22 21:51:06,737 [ERROR] LogOutputStream:74 - [STDERR_REDIRECT] 
2024-04-22 21:51:06,737 [ERROR] LogOutputStream:74 - [STDERR_REDIRECT] [Fatal Error] :1:1: Premature end of file.
2024-04-22 21:51:06,737 [ERROR] LogOutputStream:74 - [STDERR_REDIRECT] 
2024-04-22 21:52:46,282 [ERROR] LogOutputStream:74 - [STDERR_REDIRECT] [Fatal Error] :1:1: Premature end of file.
2024-04-22 21:52:46,282 [ERROR] LogOutputStream:74 - [STDERR_REDIRECT] 
2024-04-22 21:52:46,298 [ERROR] LogOutputStream:74 - [STDERR_REDIRECT] [Fatal Error] :1:1: Premature end of file.
2024-04-22 21:52:46,298 [ERROR] LogOutputStream:74 - [STDERR_REDIRECT] 
2024-04-22 21:52:46,309 [ERROR] LogOutputStream:74 - [STDERR_REDIRECT] [Fatal Error] :1:1: Premature end of file.
2024-04-22 21:52:46,309 [ERROR] LogOutputStream:74 - [STDERR_REDIRECT] 
2024-04-22 21:52:46,821 [ERROR] LogOutputStream:74 - [STDERR_REDIRECT] [Fatal Error] :1:1: Premature end of file.
2024-04-22 21:52:46,821 [ERROR] LogOutputStream:74 - [STDERR_REDIRECT] 
2024-04-22 21:52:46,837 [ERROR] LogOutputStream:74 - [STDERR_REDIRECT] [Fatal Error] :1:1: Premature end of file.
2024-04-22 21:52:46,837 [ERROR] LogOutputStream:74 - [STDERR_REDIRECT] 
2024-04-22 21:52:46,837 [ERROR] LogOutputStream:74 - [STDERR_REDIRECT] [Fatal Error] :1:1: Premature end of file.
2024-04-22 21:52:46,853 [ERROR] LogOutputStream:74 - [STDERR_REDIRECT] 
2024-04-22 21:58:04,126 [ERROR] LogOutputStream:74 - [STDERR_REDIRECT] [Fatal Error] :1:1: Premature end of file.
2024-04-22 21:58:04,126 [ERROR] LogOutputStream:74 - [STDERR_REDIRECT] 
2024-04-22 21:58:04,142 [ERROR] LogOutputStream:74 - [STDERR_REDIRECT] [Fatal Error] :1:1: Premature end of file.
2024-04-22 21:58:04,142 [ERROR] LogOutputStream:74 - [STDERR_REDIRECT] 
2024-04-22 21:58:04,173 [ERROR] LogOutputStream:74 - [STDERR_REDIRECT] [Fatal Error] :1:1: Premature end of file.
2024-04-22 21:58:04,173 [ERROR] LogOutputStream:74 - [STDERR_REDIRECT] 
2024-04-22 21:58:04,378 [ERROR] LogOutputStream:74 - [STDERR_REDIRECT] [Fatal Error] :1:1: Premature end of file.
2024-04-22 21:58:04,378 [ERROR] LogOutputStream:74 - [STDERR_REDIRECT] 
2024-04-22 21:58:04,394 [ERROR] LogOutputStream:74 - [STDERR_REDIRECT] [Fatal Error] :1:1: Premature end of file.
2024-04-22 21:58:04,394 [ERROR] LogOutputStream:74 - [STDERR_REDIRECT] 
2024-04-22 21:58:04,409 [ERROR] LogOutputStream:74 - [STDERR_REDIRECT] [Fatal Error] :1:1: Premature end of file.
2024-04-22 21:58:04,409 [ERROR] LogOutputStream:74 - [STDERR_REDIRECT] 
2024-04-22 22:00:22,947 [ERROR] LogOutputStream:74 - [STDERR_REDIRECT] [Fatal Error] :1:1: Premature end of file.
2024-04-22 22:00:22,947 [ERROR] LogOutputStream:74 - [STDERR_REDIRECT] 
2024-04-22 22:00:22,948 [ERROR] LogOutputStream:74 - [STDERR_REDIRECT] [Fatal Error] :1:1: Premature end of file.
2024-04-22 22:00:22,948 [ERROR] LogOutputStream:74 - [STDERR_REDIRECT] 
2024-04-22 22:00:22,963 [ERROR] LogOutputStream:74 - [STDERR_REDIRECT] [Fatal Error] :1:1: Premature end of file.
2024-04-22 22:00:22,963 [ERROR] LogOutputStream:74 - [STDERR_REDIRECT] 
2024-04-22 22:05:52,744 [ERROR] LogOutputStream:74 - [STDERR_REDIRECT] [Fatal Error] :1:1: Premature end of file.
2024-04-22 22:05:52,744 [ERROR] LogOutputStream:74 - [STDERR_REDIRECT] 
2024-04-22 22:05:52,765 [ERROR] LogOutputStream:74 - [STDERR_REDIRECT] [Fatal Error] :1:1: Premature end of file.
2024-04-22 22:05:52,765 [ERROR] LogOutputStream:74 - [STDERR_REDIRECT] 
2024-04-22 22:05:52,781 [ERROR] LogOutputStream:74 - [STDERR_REDIRECT] [Fatal Error] :1:1: Premature end of file.
2024-04-22 22:05:52,781 [ERROR] LogOutputStream:74 - [STDERR_REDIRECT] 
2024-04-22 22:05:53,509 [ERROR] LogOutputStream:74 - [STDERR_REDIRECT] [Fatal Error] :1:1: Premature end of file.
2024-04-22 22:05:53,509 [ERROR] LogOutputStream:74 - [STDERR_REDIRECT] 
2024-04-22 22:05:53,524 [ERROR] LogOutputStream:74 - [STDERR_REDIRECT] [Fatal Error] :1:1: Premature end of file.
2024-04-22 22:05:53,524 [ERROR] LogOutputStream:74 - [STDERR_REDIRECT] 
2024-04-22 22:05:53,540 [ERROR] LogOutputStream:74 - [STDERR_REDIRECT] [Fatal Error] :1:1: Premature end of file.
2024-04-22 22:05:53,540 [ERROR] LogOutputStream:74 - [STDERR_REDIRECT] 
2024-04-22 22:07:29,757 [ERROR] LogOutputStream:74 - [STDERR_REDIRECT] [Fatal Error] :1:1: Premature end of file.
2024-04-22 22:07:29,757 [ERROR] LogOutputStream:74 - [STDERR_REDIRECT] 
2024-04-22 22:07:29,788 [ERROR] LogOutputStream:74 - [STDERR_REDIRECT] [Fatal Error] :1:1: Premature end of file.
2024-04-22 22:07:29,788 [ERROR] LogOutputStream:74 - [STDERR_REDIRECT] 
2024-04-22 22:07:29,788 [ERROR] LogOutputStream:74 - [STDERR_REDIRECT] [Fatal Error] :1:1: Premature end of file.
2024-04-22 22:07:29,788 [ERROR] LogOutputStream:74 - [STDERR_REDIRECT] 
2024-04-22 22:07:30,514 [ERROR] LogOutputStream:74 - [STDERR_REDIRECT] [Fatal Error] :1:1: Premature end of file.
2024-04-22 22:07:30,514 [ERROR] LogOutputStream:74 - [STDERR_REDIRECT] 
2024-04-22 22:07:30,514 [ERROR] LogOutputStream:74 - [STDERR_REDIRECT] [Fatal Error] :1:1: Premature end of file.
2024-04-22 22:07:30,514 [ERROR] LogOutputStream:74 - [STDERR_REDIRECT] 
2024-04-22 22:07:30,530 [ERROR] LogOutputStream:74 - [STDERR_REDIRECT] [Fatal Error] :1:1: Premature end of file.
2024-04-22 22:07:30,530 [ERROR] LogOutputStream:74 - [STDERR_REDIRECT] 
2024-04-22 22:12:49,584 [ERROR] LogOutputStream:74 - [STDERR_REDIRECT] [Fatal Error] :1:1: Premature end of file.
2024-04-22 22:12:49,584 [ERROR] LogOutputStream:74 - [STDERR_REDIRECT] 
2024-04-22 22:12:49,584 [ERROR] LogOutputStream:74 - [STDERR_REDIRECT] [Fatal Error] :1:1: Premature end of file.
2024-04-22 22:12:49,584 [ERROR] LogOutputStream:74 - [STDERR_REDIRECT] 
2024-04-22 22:12:49,600 [ERROR] LogOutputStream:74 - [STDERR_REDIRECT] [Fatal Error] :1:1: Premature end of file.
2024-04-22 22:12:49,600 [ERROR] LogOutputStream:74 - [STDERR_REDIRECT] 
2024-04-22 22:12:50,135 [ERROR] LogOutputStream:74 - [STDERR_REDIRECT] [Fatal Error] :1:1: Premature end of file.
2024-04-22 22:12:50,135 [ERROR] LogOutputStream:74 - [STDERR_REDIRECT] 
2024-04-22 22:12:50,166 [ERROR] LogOutputStream:74 - [STDERR_REDIRECT] [Fatal Error] :1:1: Premature end of file.
2024-04-22 22:12:50,166 [ERROR] LogOutputStream:74 - [STDERR_REDIRECT] 
2024-04-22 22:12:50,166 [ERROR] LogOutputStream:74 - [STDERR_REDIRECT] [Fatal Error] :1:1: Premature end of file.
2024-04-22 22:12:50,181 [ERROR] LogOutputStream:74 - [STDERR_REDIRECT] 
2024-04-22 22:21:49,858 [ERROR] LogOutputStream:74 - [STDERR_REDIRECT] [Fatal Error] :1:1: Premature end of file.
2024-04-22 22:21:49,874 [ERROR] LogOutputStream:74 - [STDERR_REDIRECT] 
2024-04-22 22:21:49,874 [ERROR] LogOutputStream:74 - [STDERR_REDIRECT] [Fatal Error] :1:1: Premature end of file.
2024-04-22 22:21:49,874 [ERROR] LogOutputStream:74 - [STDERR_REDIRECT] 
2024-04-22 22:21:49,891 [ERROR] LogOutputStream:74 - [STDERR_REDIRECT] [Fatal Error] :1:1: Premature end of file.
2024-04-22 22:21:49,891 [ERROR] LogOutputStream:74 - [STDERR_REDIRECT] 
2024-04-22 22:21:50,254 [ERROR] LogOutputStream:74 - [STDERR_REDIRECT] [Fatal Error] :1:1: Premature end of file.
2024-04-22 22:21:50,254 [ERROR] LogOutputStream:74 - [STDERR_REDIRECT] 
2024-04-22 22:21:50,270 [ERROR] LogOutputStream:74 - [STDERR_REDIRECT] [Fatal Error] :1:1: Premature end of file.
2024-04-22 22:21:50,270 [ERROR] LogOutputStream:74 - [STDERR_REDIRECT] 
2024-04-22 22:21:50,270 [ERROR] LogOutputStream:74 - [STDERR_REDIRECT] [Fatal Error] :1:1: Premature end of file.
2024-04-22 22:21:50,270 [ERROR] LogOutputStream:74 - [STDERR_REDIRECT] 
2024-04-22 22:33:08,379 [ERROR] LogOutputStream:74 - [STDERR_REDIRECT] [Fatal Error] :1:1: Premature end of file.
2024-04-22 22:33:08,379 [ERROR] LogOutputStream:74 - [STDERR_REDIRECT] 
2024-04-22 22:33:08,389 [ERROR] LogOutputStream:74 - [STDERR_REDIRECT] [Fatal Error] :1:1: Premature end of file.
2024-04-22 22:33:08,389 [ERROR] LogOutputStream:74 - [STDERR_REDIRECT] 
2024-04-22 22:33:08,403 [ERROR] LogOutputStream:74 - [STDERR_REDIRECT] [Fatal Error] :1:1: Premature end of file.
2024-04-22 22:33:08,403 [ERROR] LogOutputStream:74 - [STDERR_REDIRECT] 
2024-04-22 22:33:56,890 [ERROR] LogOutputStream:74 - [STDERR_REDIRECT] [Fatal Error] :1:1: Premature end of file.
2024-04-22 22:33:56,890 [ERROR] LogOutputStream:74 - [STDERR_REDIRECT] 
2024-04-22 22:33:56,905 [ERROR] LogOutputStream:74 - [STDERR_REDIRECT] [Fatal Error] :1:1: Premature end of file.
2024-04-22 22:33:56,905 [ERROR] LogOutputStream:74 - [STDERR_REDIRECT] 
2024-04-22 22:33:56,912 [ERROR] LogOutputStream:74 - [STDERR_REDIRECT] [Fatal Error] :1:1: Premature end of file.
2024-04-22 22:33:56,912 [ERROR] LogOutputStream:74 - [STDERR_REDIRECT] 
2024-04-22 22:35:37,078 [ERROR] LogOutputStream:74 - [STDERR_REDIRECT] [Fatal Error] :1:1: Premature end of file.
2024-04-22 22:35:37,078 [ERROR] LogOutputStream:74 - [STDERR_REDIRECT] 
2024-04-22 22:35:37,119 [ERROR] LogOutputStream:74 - [STDERR_REDIRECT] [Fatal Error] :1:1: Premature end of file.
2024-04-22 22:35:37,119 [ERROR] LogOutputStream:74 - [STDERR_REDIRECT] 
2024-04-22 22:35:37,162 [ERROR] LogOutputStream:74 - [STDERR_REDIRECT] [Fatal Error] :1:1: Premature end of file.
2024-04-22 22:35:37,162 [ERROR] LogOutputStream:74 - [STDERR_REDIRECT] 
2024-04-22 22:35:37,770 [ERROR] LogOutputStream:74 - [STDERR_REDIRECT] [Fatal Error] :1:1: Premature end of file.
2024-04-22 22:35:37,770 [ERROR] LogOutputStream:74 - [STDERR_REDIRECT] 
2024-04-22 22:35:37,786 [ERROR] LogOutputStream:74 - [STDERR_REDIRECT] [Fatal Error] :1:1: Premature end of file.
2024-04-22 22:35:37,786 [ERROR] LogOutputStream:74 - [STDERR_REDIRECT] 
2024-04-22 22:35:37,797 [ERROR] LogOutputStream:74 - [STDERR_REDIRECT] [Fatal Error] :1:1: Premature end of file.
2024-04-22 22:35:37,797 [ERROR] LogOutputStream:74 - [STDERR_REDIRECT] 
2024-04-22 22:35:56,826 [ERROR] LogOutputStream:74 - [STDERR_REDIRECT] [Fatal Error] :1:1: Premature end of file.
2024-04-22 22:35:56,826 [ERROR] LogOutputStream:74 - [STDERR_REDIRECT] 
2024-04-22 22:35:56,851 [ERROR] LogOutputStream:74 - [STDERR_REDIRECT] [Fatal Error] :1:1: Premature end of file.
2024-04-22 22:35:56,851 [ERROR] LogOutputStream:74 - [STDERR_REDIRECT] 
2024-04-22 22:35:56,865 [ERROR] LogOutputStream:74 - [STDERR_REDIRECT] [Fatal Error] :1:1: Premature end of file.
2024-04-22 22:35:56,865 [ERROR] LogOutputStream:74 - [STDERR_REDIRECT] 
2024-04-22 22:35:57,295 [ERROR] LogOutputStream:74 - [STDERR_REDIRECT] [Fatal Error] :1:1: Premature end of file.
2024-04-22 22:35:57,295 [ERROR] LogOutputStream:74 - [STDERR_REDIRECT] 
2024-04-22 22:35:57,306 [ERROR] LogOutputStream:74 - [STDERR_REDIRECT] [Fatal Error] :1:1: Premature end of file.
2024-04-22 22:35:57,306 [ERROR] LogOutputStream:74 - [STDERR_REDIRECT] 
2024-04-22 22:35:57,332 [ERROR] LogOutputStream:74 - [STDERR_REDIRECT] [Fatal Error] :1:1: Premature end of file.
2024-04-22 22:35:57,332 [ERROR] LogOutputStream:74 - [STDERR_REDIRECT] 
2024-04-22 22:37:24,144 [ERROR] LogOutputStream:74 - [STDERR_REDIRECT] [Fatal Error] :1:1: Premature end of file.
2024-04-22 22:37:24,148 [ERROR] LogOutputStream:74 - [STDERR_REDIRECT] 
2024-04-22 22:37:24,165 [ERROR] LogOutputStream:74 - [STDERR_REDIRECT] [Fatal Error] :1:1: Premature end of file.
2024-04-22 22:37:24,165 [ERROR] LogOutputStream:74 - [STDERR_REDIRECT] 
2024-04-22 22:37:24,180 [ERROR] LogOutputStream:74 - [STDERR_REDIRECT] [Fatal Error] :1:1: Premature end of file.
2024-04-22 22:37:24,180 [ERROR] LogOutputStream:74 - [STDERR_REDIRECT] 
2024-04-22 22:37:24,891 [ERROR] LogOutputStream:74 - [STDERR_REDIRECT] [Fatal Error] :1:1: Premature end of file.
2024-04-22 22:37:24,891 [ERROR] LogOutputStream:74 - [STDERR_REDIRECT] 
2024-04-22 22:37:24,901 [ERROR] LogOutputStream:74 - [STDERR_REDIRECT] [Fatal Error] :1:1: Premature end of file.
2024-04-22 22:37:24,901 [ERROR] LogOutputStream:74 - [STDERR_REDIRECT] 
2024-04-22 22:37:24,911 [ERROR] LogOutputStream:74 - [STDERR_REDIRECT] [Fatal Error] :1:1: Premature end of file.
2024-04-22 22:37:24,911 [ERROR] LogOutputStream:74 - [STDERR_REDIRECT] 
2024-04-22 22:38:33,896 [ERROR] LogOutputStream:74 - [STDERR_REDIRECT] [Fatal Error] :1:1: Premature end of file.
2024-04-22 22:38:33,896 [ERROR] LogOutputStream:74 - [STDERR_REDIRECT] 
2024-04-22 22:38:33,914 [ERROR] LogOutputStream:74 - [STDERR_REDIRECT] [Fatal Error] :1:1: Premature end of file.
2024-04-22 22:38:33,914 [ERROR] LogOutputStream:74 - [STDERR_REDIRECT] 
2024-04-22 22:38:33,929 [ERROR] LogOutputStream:74 - [STDERR_REDIRECT] [Fatal Error] :1:1: Premature end of file.
2024-04-22 22:38:33,929 [ERROR] LogOutputStream:74 - [STDERR_REDIRECT] 
2024-04-22 22:38:34,522 [ERROR] LogOutputStream:74 - [STDERR_REDIRECT] [Fatal Error] :1:1: Premature end of file.
2024-04-22 22:38:34,522 [ERROR] LogOutputStream:74 - [STDERR_REDIRECT] 
2024-04-22 22:38:34,538 [ERROR] LogOutputStream:74 - [STDERR_REDIRECT] [Fatal Error] :1:1: Premature end of file.
2024-04-22 22:38:34,538 [ERROR] LogOutputStream:74 - [STDERR_REDIRECT] 
2024-04-22 22:38:34,550 [ERROR] LogOutputStream:74 - [STDERR_REDIRECT] [Fatal Error] :1:1: Premature end of file.
2024-04-22 22:38:34,550 [ERROR] LogOutputStream:74 - [STDERR_REDIRECT] 
2024-04-22 22:40:30,878 [ERROR] LogOutputStream:74 - [STDERR_REDIRECT] [Fatal Error] :1:1: Premature end of file.
2024-04-22 22:40:30,878 [ERROR] LogOutputStream:74 - [STDERR_REDIRECT] 
2024-04-22 22:40:30,888 [ERROR] LogOutputStream:74 - [STDERR_REDIRECT] [Fatal Error] :1:1: Premature end of file.
2024-04-22 22:40:30,888 [ERROR] LogOutputStream:74 - [STDERR_REDIRECT] 
2024-04-22 22:40:30,906 [ERROR] LogOutputStream:74 - [STDERR_REDIRECT] [Fatal Error] :1:1: Premature end of file.
2024-04-22 22:40:30,906 [ERROR] LogOutputStream:74 - [STDERR_REDIRECT] 
2024-04-22 22:40:31,375 [ERROR] LogOutputStream:74 - [STDERR_REDIRECT] [Fatal Error] :1:1: Premature end of file.
2024-04-22 22:40:31,375 [ERROR] LogOutputStream:74 - [STDERR_REDIRECT] 
2024-04-22 22:40:31,385 [ERROR] LogOutputStream:74 - [STDERR_REDIRECT] [Fatal Error] :1:1: Premature end of file.
2024-04-22 22:40:31,385 [ERROR] LogOutputStream:74 - [STDERR_REDIRECT] 
2024-04-22 22:40:31,400 [ERROR] LogOutputStream:74 - [STDERR_REDIRECT] [Fatal Error] :1:1: Premature end of file.
2024-04-22 22:40:31,400 [ERROR] LogOutputStream:74 - [STDERR_REDIRECT] 
2024-04-22 22:42:56,953 [ERROR] LogOutputStream:74 - [STDERR_REDIRECT] [Fatal Error] :1:1: Premature end of file.
2024-04-22 22:42:56,953 [ERROR] LogOutputStream:74 - [STDERR_REDIRECT] 
2024-04-22 22:42:56,968 [ERROR] LogOutputStream:74 - [STDERR_REDIRECT] [Fatal Error] :1:1: Premature end of file.
2024-04-22 22:42:56,968 [ERROR] LogOutputStream:74 - [STDERR_REDIRECT] 
2024-04-22 22:42:56,979 [ERROR] LogOutputStream:74 - [STDERR_REDIRECT] [Fatal Error] :1:1: Premature end of file.
2024-04-22 22:42:56,979 [ERROR] LogOutputStream:74 - [STDERR_REDIRECT] 
2024-04-22 22:42:57,502 [ERROR] LogOutputStream:74 - [STDERR_REDIRECT] [Fatal Error] :1:1: Premature end of file.
2024-04-22 22:42:57,502 [ERROR] LogOutputStream:74 - [STDERR_REDIRECT] 
2024-04-22 22:42:57,519 [ERROR] LogOutputStream:74 - [STDERR_REDIRECT] [Fatal Error] :1:1: Premature end of file.
2024-04-22 22:42:57,519 [ERROR] LogOutputStream:74 - [STDERR_REDIRECT] 
2024-04-22 22:42:57,540 [ERROR] LogOutputStream:74 - [STDERR_REDIRECT] [Fatal Error] :1:1: Premature end of file.
2024-04-22 22:42:57,540 [ERROR] LogOutputStream:74 - [STDERR_REDIRECT] 
2024-04-22 22:43:56,826 [ERROR] LogOutputStream:74 - [STDERR_REDIRECT] [Fatal Error] :1:1: Premature end of file.
2024-04-22 22:43:56,826 [ERROR] LogOutputStream:74 - [STDERR_REDIRECT] 
2024-04-22 22:43:56,858 [ERROR] LogOutputStream:74 - [STDERR_REDIRECT] [Fatal Error] :1:1: Premature end of file.
2024-04-22 22:43:56,858 [ERROR] LogOutputStream:74 - [STDERR_REDIRECT] 
2024-04-22 22:43:56,874 [ERROR] LogOutputStream:74 - [STDERR_REDIRECT] [Fatal Error] :1:1: Premature end of file.
2024-04-22 22:43:56,874 [ERROR] LogOutputStream:74 - [STDERR_REDIRECT] 
2024-04-22 22:43:57,540 [ERROR] LogOutputStream:74 - [STDERR_REDIRECT] [Fatal Error] :1:1: Premature end of file.
2024-04-22 22:43:57,540 [ERROR] LogOutputStream:74 - [STDERR_REDIRECT] 
2024-04-22 22:43:57,551 [ERROR] LogOutputStream:74 - [STDERR_REDIRECT] [Fatal Error] :1:1: Premature end of file.
2024-04-22 22:43:57,551 [ERROR] LogOutputStream:74 - [STDERR_REDIRECT] 
2024-04-22 22:43:57,561 [ERROR] LogOutputStream:74 - [STDERR_REDIRECT] [Fatal Error] :1:1: Premature end of file.
2024-04-22 22:43:57,561 [ERROR] LogOutputStream:74 - [STDERR_REDIRECT] 
2024-04-22 22:47:18,195 [ERROR] LogOutputStream:74 - [STDERR_REDIRECT] [Fatal Error] :1:1: Premature end of file.
2024-04-22 22:47:18,195 [ERROR] LogOutputStream:74 - [STDERR_REDIRECT] 
2024-04-22 22:47:18,222 [ERROR] LogOutputStream:74 - [STDERR_REDIRECT] [Fatal Error] :1:1: Premature end of file.
2024-04-22 22:47:18,222 [ERROR] LogOutputStream:74 - [STDERR_REDIRECT] 
2024-04-22 22:47:18,230 [ERROR] LogOutputStream:74 - [STDERR_REDIRECT] [Fatal Error] :1:1: Premature end of file.
2024-04-22 22:47:18,233 [ERROR] LogOutputStream:74 - [STDERR_REDIRECT] 
2024-04-22 22:47:19,022 [ERROR] LogOutputStream:74 - [STDERR_REDIRECT] [Fatal Error] :1:1: Premature end of file.
2024-04-22 22:47:19,022 [ERROR] LogOutputStream:74 - [STDERR_REDIRECT] 
2024-04-22 22:47:19,033 [ERROR] LogOutputStream:74 - [STDERR_REDIRECT] [Fatal Error] :1:1: Premature end of file.
2024-04-22 22:47:19,033 [ERROR] LogOutputStream:74 - [STDERR_REDIRECT] 
2024-04-22 22:47:19,043 [ERROR] LogOutputStream:74 - [STDERR_REDIRECT] [Fatal Error] :1:1: Premature end of file.
2024-04-22 22:47:19,043 [ERROR] LogOutputStream:74 - [STDERR_REDIRECT] 
2024-04-22 22:50:18,809 [ERROR] LogOutputStream:74 - [STDERR_REDIRECT] [Fatal Error] :1:1: Premature end of file.
2024-04-22 22:50:18,812 [ERROR] LogOutputStream:74 - [STDERR_REDIRECT] 
2024-04-22 22:50:18,819 [ERROR] LogOutputStream:74 - [STDERR_REDIRECT] [Fatal Error] :1:1: Premature end of file.
2024-04-22 22:50:18,819 [ERROR] LogOutputStream:74 - [STDERR_REDIRECT] 
2024-04-22 22:50:18,848 [ERROR] LogOutputStream:74 - [STDERR_REDIRECT] [Fatal Error] :1:1: Premature end of file.
2024-04-22 22:50:18,848 [ERROR] LogOutputStream:74 - [STDERR_REDIRECT] 
2024-04-22 22:50:19,267 [ERROR] LogOutputStream:74 - [STDERR_REDIRECT] [Fatal Error] :1:1: Premature end of file.
2024-04-22 22:50:19,267 [ERROR] LogOutputStream:74 - [STDERR_REDIRECT] 
2024-04-22 22:50:19,278 [ERROR] LogOutputStream:74 - [STDERR_REDIRECT] [Fatal Error] :1:1: Premature end of file.
2024-04-22 22:50:19,283 [ERROR] LogOutputStream:74 - [STDERR_REDIRECT] 
2024-04-22 22:50:19,301 [ERROR] LogOutputStream:74 - [STDERR_REDIRECT] [Fatal Error] :1:1: Premature end of file.
2024-04-22 22:50:19,301 [ERROR] LogOutputStream:74 - [STDERR_REDIRECT] 
2024-04-22 22:53:13,064 [ERROR] LogOutputStream:74 - [STDERR_REDIRECT] [Fatal Error] :1:1: Premature end of file.
2024-04-22 22:53:13,064 [ERROR] LogOutputStream:74 - [STDERR_REDIRECT] 
2024-04-22 22:53:13,074 [ERROR] LogOutputStream:74 - [STDERR_REDIRECT] [Fatal Error] :1:1: Premature end of file.
2024-04-22 22:53:13,074 [ERROR] LogOutputStream:74 - [STDERR_REDIRECT] 
2024-04-22 22:53:13,085 [ERROR] LogOutputStream:74 - [STDERR_REDIRECT] [Fatal Error] :1:1: Premature end of file.
2024-04-22 22:53:13,085 [ERROR] LogOutputStream:74 - [STDERR_REDIRECT] 
2024-04-22 22:53:13,283 [ERROR] LogOutputStream:74 - [STDERR_REDIRECT] [Fatal Error] :1:1: Premature end of file.
2024-04-22 22:53:13,288 [ERROR] LogOutputStream:74 - [STDERR_REDIRECT] 
2024-04-22 22:53:13,293 [ERROR] LogOutputStream:74 - [STDERR_REDIRECT] [Fatal Error] :1:1: Premature end of file.
2024-04-22 22:53:13,298 [ERROR] LogOutputStream:74 - [STDERR_REDIRECT] 
2024-04-22 22:53:13,309 [ERROR] LogOutputStream:74 - [STDERR_REDIRECT] [Fatal Error] :1:1: Premature end of file.
2024-04-22 22:53:13,309 [ERROR] LogOutputStream:74 - [STDERR_REDIRECT] 
2024-04-22 22:53:39,704 [ERROR] LogOutputStream:74 - [STDERR_REDIRECT] [Fatal Error] :1:1: Premature end of file.
2024-04-22 22:53:39,704 [ERROR] LogOutputStream:74 - [STDERR_REDIRECT] 
2024-04-22 22:53:39,736 [ERROR] LogOutputStream:74 - [STDERR_REDIRECT] [Fatal Error] :1:1: Premature end of file.
2024-04-22 22:53:39,736 [ERROR] LogOutputStream:74 - [STDERR_REDIRECT] 
2024-04-22 22:53:39,746 [ERROR] LogOutputStream:74 - [STDERR_REDIRECT] [Fatal Error] :1:1: Premature end of file.
2024-04-22 22:53:39,746 [ERROR] LogOutputStream:74 - [STDERR_REDIRECT] 
2024-04-22 22:53:40,173 [ERROR] LogOutputStream:74 - [STDERR_REDIRECT] [Fatal Error] :1:1: Premature end of file.
2024-04-22 22:53:40,173 [ERROR] LogOutputStream:74 - [STDERR_REDIRECT] 
2024-04-22 22:53:40,184 [ERROR] LogOutputStream:74 - [STDERR_REDIRECT] [Fatal Error] :1:1: Premature end of file.
2024-04-22 22:53:40,184 [ERROR] LogOutputStream:74 - [STDERR_REDIRECT] 
2024-04-22 22:53:40,195 [ERROR] LogOutputStream:74 - [STDERR_REDIRECT] [Fatal Error] :1:1: Premature end of file.
2024-04-22 22:53:40,195 [ERROR] LogOutputStream:74 - [STDERR_REDIRECT] 
2024-04-22 22:57:07,771 [ERROR] LogOutputStream:74 - [STDERR_REDIRECT] [Fatal Error] :1:1: Premature end of file.
2024-04-22 22:57:07,771 [ERROR] LogOutputStream:74 - [STDERR_REDIRECT] 
2024-04-22 22:57:07,783 [ERROR] LogOutputStream:74 - [STDERR_REDIRECT] [Fatal Error] :1:1: Premature end of file.
2024-04-22 22:57:07,783 [ERROR] LogOutputStream:74 - [STDERR_REDIRECT] 
2024-04-22 22:57:07,800 [ERROR] LogOutputStream:74 - [STDERR_REDIRECT] [Fatal Error] :1:1: Premature end of file.
2024-04-22 22:57:07,800 [ERROR] LogOutputStream:74 - [STDERR_REDIRECT] 
2024-04-22 22:57:08,365 [ERROR] LogOutputStream:74 - [STDERR_REDIRECT] [Fatal Error] :1:1: Premature end of file.
2024-04-22 22:57:08,365 [ERROR] LogOutputStream:74 - [STDERR_REDIRECT] 
2024-04-22 22:57:08,381 [ERROR] LogOutputStream:74 - [STDERR_REDIRECT] [Fatal Error] :1:1: Premature end of file.
2024-04-22 22:57:08,381 [ERROR] LogOutputStream:74 - [STDERR_REDIRECT] 
2024-04-22 22:57:08,397 [ERROR] LogOutputStream:74 - [STDERR_REDIRECT] [Fatal Error] :1:1: Premature end of file.
2024-04-22 22:57:08,397 [ERROR] LogOutputStream:74 - [STDERR_REDIRECT] 
2024-04-22 22:57:34,712 [ERROR] LogOutputStream:74 - [STDERR_REDIRECT] [Fatal Error] :1:1: Premature end of file.
2024-04-22 22:57:34,712 [ERROR] LogOutputStream:74 - [STDERR_REDIRECT] 
2024-04-22 22:57:34,726 [ERROR] LogOutputStream:74 - [STDERR_REDIRECT] [Fatal Error] :1:1: Premature end of file.
2024-04-22 22:57:34,726 [ERROR] LogOutputStream:74 - [STDERR_REDIRECT] 
2024-04-22 22:57:34,765 [ERROR] LogOutputStream:74 - [STDERR_REDIRECT] [Fatal Error] :1:1: Premature end of file.
2024-04-22 22:57:34,765 [ERROR] LogOutputStream:74 - [STDERR_REDIRECT] 
2024-04-22 22:57:35,138 [ERROR] LogOutputStream:74 - [STDERR_REDIRECT] [Fatal Error] :1:1: Premature end of file.
2024-04-22 22:57:35,138 [ERROR] LogOutputStream:74 - [STDERR_REDIRECT] 
2024-04-22 22:57:35,154 [ERROR] LogOutputStream:74 - [STDERR_REDIRECT] [Fatal Error] :1:1: Premature end of file.
2024-04-22 22:57:35,154 [ERROR] LogOutputStream:74 - [STDERR_REDIRECT] 
2024-04-22 22:57:35,164 [ERROR] LogOutputStream:74 - [STDERR_REDIRECT] [Fatal Error] :1:1: Premature end of file.
2024-04-22 22:57:35,164 [ERROR] LogOutputStream:74 - [STDERR_REDIRECT] 
2024-04-22 23:01:39,036 [ERROR] LogOutputStream:74 - [STDERR_REDIRECT] [Fatal Error] :1:1: Premature end of file.
2024-04-22 23:01:39,036 [ERROR] LogOutputStream:74 - [STDERR_REDIRECT] 
2024-04-22 23:01:39,052 [ERROR] LogOutputStream:74 - [STDERR_REDIRECT] [Fatal Error] :1:1: Premature end of file.
2024-04-22 23:01:39,052 [ERROR] LogOutputStream:74 - [STDERR_REDIRECT] 
2024-04-22 23:01:39,068 [ERROR] LogOutputStream:74 - [STDERR_REDIRECT] [Fatal Error] :1:1: Premature end of file.
2024-04-22 23:01:39,068 [ERROR] LogOutputStream:74 - [STDERR_REDIRECT] 
2024-04-22 23:01:39,351 [ERROR] LogOutputStream:74 - [STDERR_REDIRECT] [Fatal Error] :1:1: Premature end of file.
2024-04-22 23:01:39,351 [ERROR] LogOutputStream:74 - [STDERR_REDIRECT] 
2024-04-22 23:01:39,361 [ERROR] LogOutputStream:74 - [STDERR_REDIRECT] [Fatal Error] :1:1: Premature end of file.
2024-04-22 23:01:39,361 [ERROR] LogOutputStream:74 - [STDERR_REDIRECT] 
2024-04-22 23:01:39,377 [ERROR] LogOutputStream:74 - [STDERR_REDIRECT] [Fatal Error] :1:1: Premature end of file.
2024-04-22 23:01:39,377 [ERROR] LogOutputStream:74 - [STDERR_REDIRECT] 
2024-04-22 23:05:21,547 [ERROR] LogOutputStream:74 - [STDERR_REDIRECT] [Fatal Error] :1:1: Premature end of file.
2024-04-22 23:05:21,547 [ERROR] LogOutputStream:74 - [STDERR_REDIRECT] 
2024-04-22 23:05:21,558 [ERROR] LogOutputStream:74 - [STDERR_REDIRECT] [Fatal Error] :1:1: Premature end of file.
2024-04-22 23:05:21,558 [ERROR] LogOutputStream:74 - [STDERR_REDIRECT] 
2024-04-22 23:05:21,580 [ERROR] LogOutputStream:74 - [STDERR_REDIRECT] [Fatal Error] :1:1: Premature end of file.
2024-04-22 23:05:21,580 [ERROR] LogOutputStream:74 - [STDERR_REDIRECT] 
2024-04-22 23:05:22,033 [ERROR] LogOutputStream:74 - [STDERR_REDIRECT] [Fatal Error] :1:1: Premature end of file.
2024-04-22 23:05:22,033 [ERROR] LogOutputStream:74 - [STDERR_REDIRECT] 
2024-04-22 23:05:22,049 [ERROR] LogOutputStream:74 - [STDERR_REDIRECT] [Fatal Error] :1:1: Premature end of file.
2024-04-22 23:05:22,049 [ERROR] LogOutputStream:74 - [STDERR_REDIRECT] 
2024-04-22 23:05:22,060 [ERROR] LogOutputStream:74 - [STDERR_REDIRECT] [Fatal Error] :1:1: Premature end of file.
2024-04-22 23:05:22,060 [ERROR] LogOutputStream:74 - [STDERR_REDIRECT] 
2024-04-22 23:16:26,730 [ERROR] ApiDbMcu:1464 - Can't use Application install path:
2024-04-22 23:16:29,453 [WARN] RulesReader:54 - Compatibility file://mcu/compatibility.xml not found
2024-04-22 23:21:56,820 [ERROR] LogOutputStream:74 - [STDERR_REDIRECT] [Fatal Error] :1:1: Premature end of file.
2024-04-22 23:21:56,820 [ERROR] LogOutputStream:74 - [STDERR_REDIRECT] 
2024-04-22 23:21:56,831 [ERROR] LogOutputStream:74 - [STDERR_REDIRECT] [Fatal Error] :1:1: Premature end of file.
2024-04-22 23:21:56,831 [ERROR] LogOutputStream:74 - [STDERR_REDIRECT] 
2024-04-22 23:21:56,852 [ERROR] LogOutputStream:74 - [STDERR_REDIRECT] [Fatal Error] :1:1: Premature end of file.
2024-04-22 23:21:56,856 [ERROR] LogOutputStream:74 - [STDERR_REDIRECT] 
2024-04-22 23:21:57,112 [ERROR] LogOutputStream:74 - [STDERR_REDIRECT] [Fatal Error] :1:1: Premature end of file.
2024-04-22 23:21:57,112 [ERROR] LogOutputStream:74 - [STDERR_REDIRECT] 
2024-04-22 23:21:57,124 [ERROR] LogOutputStream:74 - [STDERR_REDIRECT] [Fatal Error] :1:1: Premature end of file.
2024-04-22 23:21:57,124 [ERROR] LogOutputStream:74 - [STDERR_REDIRECT] 
2024-04-22 23:21:57,140 [ERROR] LogOutputStream:74 - [STDERR_REDIRECT] [Fatal Error] :1:1: Premature end of file.
2024-04-22 23:21:57,144 [ERROR] LogOutputStream:74 - [STDERR_REDIRECT] 
2024-04-22 23:23:31,908 [ERROR] LogOutputStream:74 - [STDERR_REDIRECT] [Fatal Error] :1:1: Premature end of file.
2024-04-22 23:23:31,908 [ERROR] LogOutputStream:74 - [STDERR_REDIRECT] 
2024-04-22 23:23:31,924 [ERROR] LogOutputStream:74 - [STDERR_REDIRECT] [Fatal Error] :1:1: Premature end of file.
2024-04-22 23:23:31,924 [ERROR] LogOutputStream:74 - [STDERR_REDIRECT] 
2024-04-22 23:23:31,940 [ERROR] LogOutputStream:74 - [STDERR_REDIRECT] [Fatal Error] :1:1: Premature end of file.
2024-04-22 23:23:31,940 [ERROR] LogOutputStream:74 - [STDERR_REDIRECT] 
2024-04-22 23:23:32,185 [ERROR] LogOutputStream:74 - [STDERR_REDIRECT] [Fatal Error] :1:1: Premature end of file.
2024-04-22 23:23:32,185 [ERROR] LogOutputStream:74 - [STDERR_REDIRECT] 
2024-04-22 23:23:32,199 [ERROR] LogOutputStream:74 - [STDERR_REDIRECT] [Fatal Error] :1:1: Premature end of file.
2024-04-22 23:23:32,199 [ERROR] LogOutputStream:74 - [STDERR_REDIRECT] 
2024-04-22 23:23:32,208 [ERROR] LogOutputStream:74 - [STDERR_REDIRECT] [Fatal Error] :1:1: Premature end of file.
2024-04-22 23:23:32,212 [ERROR] LogOutputStream:74 - [STDERR_REDIRECT] 
2024-04-22 23:25:57,795 [ERROR] LogOutputStream:74 - [STDERR_REDIRECT] [Fatal Error] :1:1: Premature end of file.
2024-04-22 23:25:57,795 [ERROR] LogOutputStream:74 - [STDERR_REDIRECT] 
2024-04-22 23:25:57,827 [ERROR] LogOutputStream:74 - [STDERR_REDIRECT] [Fatal Error] :1:1: Premature end of file.
2024-04-22 23:25:57,827 [ERROR] LogOutputStream:74 - [STDERR_REDIRECT] 
2024-04-22 23:25:57,845 [ERROR] LogOutputStream:74 - [STDERR_REDIRECT] [Fatal Error] :1:1: Premature end of file.
2024-04-22 23:25:57,845 [ERROR] LogOutputStream:74 - [STDERR_REDIRECT] 
2024-04-22 23:25:58,132 [ERROR] LogOutputStream:74 - [STDERR_REDIRECT] [Fatal Error] :1:1: Premature end of file.
2024-04-22 23:25:58,132 [ERROR] LogOutputStream:74 - [STDERR_REDIRECT] 
2024-04-22 23:25:58,142 [ERROR] LogOutputStream:74 - [STDERR_REDIRECT] [Fatal Error] :1:1: Premature end of file.
2024-04-22 23:25:58,142 [ERROR] LogOutputStream:74 - [STDERR_REDIRECT] 
2024-04-22 23:25:58,153 [ERROR] LogOutputStream:74 - [STDERR_REDIRECT] [Fatal Error] :1:1: Premature end of file.
2024-04-22 23:25:58,153 [ERROR] LogOutputStream:74 - [STDERR_REDIRECT] 
2024-04-22 23:27:41,662 [ERROR] LogOutputStream:74 - [STDERR_REDIRECT] [Fatal Error] :1:1: Premature end of file.
2024-04-22 23:27:41,662 [ERROR] LogOutputStream:74 - [STDERR_REDIRECT] 
2024-04-22 23:27:41,673 [ERROR] LogOutputStream:74 - [STDERR_REDIRECT] [Fatal Error] :1:1: Premature end of file.
2024-04-22 23:27:41,673 [ERROR] LogOutputStream:74 - [STDERR_REDIRECT] 
2024-04-22 23:27:41,688 [ERROR] LogOutputStream:74 - [STDERR_REDIRECT] [Fatal Error] :1:1: Premature end of file.
2024-04-22 23:27:41,688 [ERROR] LogOutputStream:74 - [STDERR_REDIRECT] 
2024-04-22 23:27:41,918 [ERROR] LogOutputStream:74 - [STDERR_REDIRECT] [Fatal Error] :1:1: Premature end of file.
2024-04-22 23:27:41,918 [ERROR] LogOutputStream:74 - [STDERR_REDIRECT] 
2024-04-22 23:27:41,934 [ERROR] LogOutputStream:74 - [STDERR_REDIRECT] [Fatal Error] :1:1: Premature end of file.
2024-04-22 23:27:41,934 [ERROR] LogOutputStream:74 - [STDERR_REDIRECT] 
2024-04-22 23:27:41,950 [ERROR] LogOutputStream:74 - [STDERR_REDIRECT] [Fatal Error] :1:1: Premature end of file.
2024-04-22 23:27:41,950 [ERROR] LogOutputStream:74 - [STDERR_REDIRECT] 
2024-04-22 23:34:42,082 [ERROR] LogOutputStream:74 - [STDERR_REDIRECT] [Fatal Error] :1:1: Premature end of file.
2024-04-22 23:34:42,086 [ERROR] LogOutputStream:74 - [STDERR_REDIRECT] 
2024-04-22 23:34:42,103 [ERROR] LogOutputStream:74 - [STDERR_REDIRECT] [Fatal Error] :1:1: Premature end of file.
2024-04-22 23:34:42,103 [ERROR] LogOutputStream:74 - [STDERR_REDIRECT] 
2024-04-22 23:34:42,120 [ERROR] LogOutputStream:74 - [STDERR_REDIRECT] [Fatal Error] :1:1: Premature end of file.
2024-04-22 23:34:42,120 [ERROR] LogOutputStream:74 - [STDERR_REDIRECT] 
2024-04-22 23:34:42,413 [ERROR] LogOutputStream:74 - [STDERR_REDIRECT] [Fatal Error] :1:1: Premature end of file.
2024-04-22 23:34:42,413 [ERROR] LogOutputStream:74 - [STDERR_REDIRECT] 
2024-04-22 23:34:42,424 [ERROR] LogOutputStream:74 - [STDERR_REDIRECT] [Fatal Error] :1:1: Premature end of file.
2024-04-22 23:34:42,424 [ERROR] LogOutputStream:74 - [STDERR_REDIRECT] 
2024-04-22 23:34:42,429 [ERROR] LogOutputStream:74 - [STDERR_REDIRECT] [Fatal Error] :1:1: Premature end of file.
2024-04-22 23:34:42,434 [ERROR] LogOutputStream:74 - [STDERR_REDIRECT] 
2024-04-22 23:48:59,814 [ERROR] LogOutputStream:74 - [STDERR_REDIRECT] [Fatal Error] :1:1: Premature end of file.
2024-04-22 23:48:59,814 [ERROR] LogOutputStream:74 - [STDERR_REDIRECT] 
2024-04-22 23:48:59,825 [ERROR] LogOutputStream:74 - [STDERR_REDIRECT] [Fatal Error] :1:1: Premature end of file.
2024-04-22 23:48:59,825 [ERROR] LogOutputStream:74 - [STDERR_REDIRECT] 
2024-04-22 23:48:59,838 [ERROR] LogOutputStream:74 - [STDERR_REDIRECT] [Fatal Error] :1:1: Premature end of file.
2024-04-22 23:48:59,838 [ERROR] LogOutputStream:74 - [STDERR_REDIRECT] 
2024-04-22 23:49:00,085 [ERROR] LogOutputStream:74 - [STDERR_REDIRECT] [Fatal Error] :1:1: Premature end of file.
2024-04-22 23:49:00,085 [ERROR] LogOutputStream:74 - [STDERR_REDIRECT] 
2024-04-22 23:49:00,094 [ERROR] LogOutputStream:74 - [STDERR_REDIRECT] [Fatal Error] :1:1: Premature end of file.
2024-04-22 23:49:00,094 [ERROR] LogOutputStream:74 - [STDERR_REDIRECT] 
2024-04-22 23:49:00,105 [ERROR] LogOutputStream:74 - [STDERR_REDIRECT] [Fatal Error] :1:1: Premature end of file.
2024-04-22 23:49:00,110 [ERROR] LogOutputStream:74 - [STDERR_REDIRECT] 
2024-04-23 00:04:51,193 [ERROR] LogOutputStream:74 - [STDERR_REDIRECT] [Fatal Error] :1:1: Premature end of file.
2024-04-23 00:04:51,193 [ERROR] LogOutputStream:74 - [STDERR_REDIRECT] 
2024-04-23 00:04:51,212 [ERROR] LogOutputStream:74 - [STDERR_REDIRECT] [Fatal Error] :1:1: Premature end of file.
2024-04-23 00:04:51,212 [ERROR] LogOutputStream:74 - [STDERR_REDIRECT] 
2024-04-23 00:04:51,233 [ERROR] LogOutputStream:74 - [STDERR_REDIRECT] [Fatal Error] :1:1: Premature end of file.
2024-04-23 00:04:51,233 [ERROR] LogOutputStream:74 - [STDERR_REDIRECT] 
2024-04-23 00:04:53,822 [ERROR] LogOutputStream:74 - [STDERR_REDIRECT] [Fatal Error] :1:1: Premature end of file.
2024-04-23 00:04:53,822 [ERROR] LogOutputStream:74 - [STDERR_REDIRECT] 
2024-04-23 00:04:53,833 [ERROR] LogOutputStream:74 - [STDERR_REDIRECT] [Fatal Error] :1:1: Premature end of file.
2024-04-23 00:04:53,833 [ERROR] LogOutputStream:74 - [STDERR_REDIRECT] 
2024-04-23 00:04:53,849 [ERROR] LogOutputStream:74 - [STDERR_REDIRECT] [Fatal Error] :1:1: Premature end of file.
2024-04-23 00:04:53,849 [ERROR] LogOutputStream:74 - [STDERR_REDIRECT] 
2024-04-23 00:05:41,814 [ERROR] LogOutputStream:74 - [STDERR_REDIRECT] [Fatal Error] :1:1: Premature end of file.
2024-04-23 00:05:41,814 [ERROR] LogOutputStream:74 - [STDERR_REDIRECT] 
2024-04-23 00:05:41,830 [ERROR] LogOutputStream:74 - [STDERR_REDIRECT] [Fatal Error] :1:1: Premature end of file.
2024-04-23 00:05:41,830 [ERROR] LogOutputStream:74 - [STDERR_REDIRECT] 
2024-04-23 00:05:41,838 [ERROR] LogOutputStream:74 - [STDERR_REDIRECT] [Fatal Error] :1:1: Premature end of file.
2024-04-23 00:05:41,843 [ERROR] LogOutputStream:74 - [STDERR_REDIRECT] 
2024-04-23 00:05:42,118 [ERROR] LogOutputStream:74 - [STDERR_REDIRECT] [Fatal Error] :1:1: Premature end of file.
2024-04-23 00:05:42,118 [ERROR] LogOutputStream:74 - [STDERR_REDIRECT] 
2024-04-23 00:05:42,134 [ERROR] LogOutputStream:74 - [STDERR_REDIRECT] [Fatal Error] :1:1: Premature end of file.
2024-04-23 00:05:42,134 [ERROR] LogOutputStream:74 - [STDERR_REDIRECT] 
2024-04-23 00:05:42,142 [ERROR] LogOutputStream:74 - [STDERR_REDIRECT] [Fatal Error] :1:1: Premature end of file.
2024-04-23 00:05:42,142 [ERROR] LogOutputStream:74 - [STDERR_REDIRECT] 
2024-04-23 00:18:36,205 [ERROR] LogOutputStream:74 - [STDERR_REDIRECT] [Fatal Error] :1:1: Premature end of file.
2024-04-23 00:18:36,205 [ERROR] LogOutputStream:74 - [STDERR_REDIRECT] 
2024-04-23 00:18:36,218 [ERROR] LogOutputStream:74 - [STDERR_REDIRECT] [Fatal Error] :1:1: Premature end of file.
2024-04-23 00:18:36,218 [ERROR] LogOutputStream:74 - [STDERR_REDIRECT] 
2024-04-23 00:18:36,234 [ERROR] LogOutputStream:74 - [STDERR_REDIRECT] [Fatal Error] :1:1: Premature end of file.
2024-04-23 00:18:36,234 [ERROR] LogOutputStream:74 - [STDERR_REDIRECT] 
2024-04-23 00:18:36,567 [ERROR] LogOutputStream:74 - [STDERR_REDIRECT] [Fatal Error] :1:1: Premature end of file.
2024-04-23 00:18:36,571 [ERROR] LogOutputStream:74 - [STDERR_REDIRECT] 
2024-04-23 00:18:36,583 [ERROR] LogOutputStream:74 - [STDERR_REDIRECT] [Fatal Error] :1:1: Premature end of file.
2024-04-23 00:18:36,583 [ERROR] LogOutputStream:74 - [STDERR_REDIRECT] 
2024-04-23 00:18:36,604 [ERROR] LogOutputStream:74 - [STDERR_REDIRECT] [Fatal Error] :1:1: Premature end of file.
2024-04-23 00:18:36,604 [ERROR] LogOutputStream:74 - [STDERR_REDIRECT] 
2024-04-23 00:20:34,338 [ERROR] LogOutputStream:74 - [STDERR_REDIRECT] [Fatal Error] :1:1: Premature end of file.
2024-04-23 00:20:34,338 [ERROR] LogOutputStream:74 - [STDERR_REDIRECT] 
2024-04-23 00:20:34,357 [ERROR] LogOutputStream:74 - [STDERR_REDIRECT] [Fatal Error] :1:1: Premature end of file.
2024-04-23 00:20:34,357 [ERROR] LogOutputStream:74 - [STDERR_REDIRECT] 
2024-04-23 00:20:34,364 [ERROR] LogOutputStream:74 - [STDERR_REDIRECT] [Fatal Error] :1:1: Premature end of file.
2024-04-23 00:20:34,364 [ERROR] LogOutputStream:74 - [STDERR_REDIRECT] 
2024-04-23 00:20:34,565 [ERROR] LogOutputStream:74 - [STDERR_REDIRECT] [Fatal Error] :1:1: Premature end of file.
2024-04-23 00:20:34,565 [ERROR] LogOutputStream:74 - [STDERR_REDIRECT] 
2024-04-23 00:20:34,572 [ERROR] LogOutputStream:74 - [STDERR_REDIRECT] [Fatal Error] :1:1: Premature end of file.
2024-04-23 00:20:34,572 [ERROR] LogOutputStream:74 - [STDERR_REDIRECT] 
2024-04-23 00:20:34,583 [ERROR] LogOutputStream:74 - [STDERR_REDIRECT] [Fatal Error] :1:1: Premature end of file.
2024-04-23 00:20:34,583 [ERROR] LogOutputStream:74 - [STDERR_REDIRECT] 
2024-04-23 00:22:11,330 [ERROR] LogOutputStream:74 - [STDERR_REDIRECT] [Fatal Error] :1:1: Premature end of file.
2024-04-23 00:22:11,330 [ERROR] LogOutputStream:74 - [STDERR_REDIRECT] 
2024-04-23 00:22:11,351 [ERROR] LogOutputStream:74 - [STDERR_REDIRECT] [Fatal Error] :1:1: Premature end of file.
2024-04-23 00:22:11,351 [ERROR] LogOutputStream:74 - [STDERR_REDIRECT] 
2024-04-23 00:22:11,361 [ERROR] LogOutputStream:74 - [STDERR_REDIRECT] [Fatal Error] :1:1: Premature end of file.
2024-04-23 00:22:11,361 [ERROR] LogOutputStream:74 - [STDERR_REDIRECT] 
2024-04-23 00:22:11,596 [ERROR] LogOutputStream:74 - [STDERR_REDIRECT] [Fatal Error] :1:1: Premature end of file.
2024-04-23 00:22:11,596 [ERROR] LogOutputStream:74 - [STDERR_REDIRECT] 
2024-04-23 00:22:11,607 [ERROR] LogOutputStream:74 - [STDERR_REDIRECT] [Fatal Error] :1:1: Premature end of file.
2024-04-23 00:22:11,607 [ERROR] LogOutputStream:74 - [STDERR_REDIRECT] 
2024-04-23 00:22:11,619 [ERROR] LogOutputStream:74 - [STDERR_REDIRECT] [Fatal Error] :1:1: Premature end of file.
2024-04-23 00:22:11,619 [ERROR] LogOutputStream:74 - [STDERR_REDIRECT] 
2024-04-23 00:25:49,963 [ERROR] LogOutputStream:74 - [STDERR_REDIRECT] [Fatal Error] :1:1: Premature end of file.
2024-04-23 00:25:49,963 [ERROR] LogOutputStream:74 - [STDERR_REDIRECT] 
2024-04-23 00:25:49,974 [ERROR] LogOutputStream:74 - [STDERR_REDIRECT] [Fatal Error] :1:1: Premature end of file.
2024-04-23 00:25:49,974 [ERROR] LogOutputStream:74 - [STDERR_REDIRECT] 
2024-04-23 00:25:49,985 [ERROR] LogOutputStream:74 - [STDERR_REDIRECT] [Fatal Error] :1:1: Premature end of file.
2024-04-23 00:25:49,985 [ERROR] LogOutputStream:74 - [STDERR_REDIRECT] 
2024-04-23 00:25:50,214 [ERROR] LogOutputStream:74 - [STDERR_REDIRECT] [Fatal Error] :1:1: Premature end of file.
2024-04-23 00:25:50,214 [ERROR] LogOutputStream:74 - [STDERR_REDIRECT] 
2024-04-23 00:25:50,225 [ERROR] LogOutputStream:74 - [STDERR_REDIRECT] [Fatal Error] :1:1: Premature end of file.
2024-04-23 00:25:50,225 [ERROR] LogOutputStream:74 - [STDERR_REDIRECT] 
2024-04-23 00:25:50,246 [ERROR] LogOutputStream:74 - [STDERR_REDIRECT] [Fatal Error] :1:1: Premature end of file.
2024-04-23 00:25:50,246 [ERROR] LogOutputStream:74 - [STDERR_REDIRECT] 
2024-04-23 00:29:28,965 [ERROR] LogOutputStream:74 - [STDERR_REDIRECT] [Fatal Error] :1:1: Premature end of file.
2024-04-23 00:29:28,965 [ERROR] LogOutputStream:74 - [STDERR_REDIRECT] 
2024-04-23 00:29:29,025 [ERROR] LogOutputStream:74 - [STDERR_REDIRECT] [Fatal Error] :1:1: Premature end of file.
2024-04-23 00:29:29,025 [ERROR] LogOutputStream:74 - [STDERR_REDIRECT] 
2024-04-23 00:29:29,040 [ERROR] LogOutputStream:74 - [STDERR_REDIRECT] [Fatal Error] :1:1: Premature end of file.
2024-04-23 00:29:29,040 [ERROR] LogOutputStream:74 - [STDERR_REDIRECT] 
2024-04-23 00:29:29,616 [ERROR] LogOutputStream:74 - [STDERR_REDIRECT] [Fatal Error] :1:1: Premature end of file.
2024-04-23 00:29:29,621 [ERROR] LogOutputStream:74 - [STDERR_REDIRECT] 
2024-04-23 00:29:29,627 [ERROR] LogOutputStream:74 - [STDERR_REDIRECT] [Fatal Error] :1:1: Premature end of file.
2024-04-23 00:29:29,627 [ERROR] LogOutputStream:74 - [STDERR_REDIRECT] 
2024-04-23 00:29:29,637 [ERROR] LogOutputStream:74 - [STDERR_REDIRECT] [Fatal Error] :1:1: Premature end of file.
2024-04-23 00:29:29,637 [ERROR] LogOutputStream:74 - [STDERR_REDIRECT] 
2024-04-23 00:30:41,434 [ERROR] LogOutputStream:74 - [STDERR_REDIRECT] [Fatal Error] :1:1: Premature end of file.
2024-04-23 00:30:41,434 [ERROR] LogOutputStream:74 - [STDERR_REDIRECT] 
2024-04-23 00:30:41,456 [ERROR] LogOutputStream:74 - [STDERR_REDIRECT] [Fatal Error] :1:1: Premature end of file.
2024-04-23 00:30:41,456 [ERROR] LogOutputStream:74 - [STDERR_REDIRECT] 
2024-04-23 00:30:41,471 [ERROR] LogOutputStream:74 - [STDERR_REDIRECT] [Fatal Error] :1:1: Premature end of file.
2024-04-23 00:30:41,471 [ERROR] LogOutputStream:74 - [STDERR_REDIRECT] 
2024-04-23 00:30:41,718 [ERROR] LogOutputStream:74 - [STDERR_REDIRECT] [Fatal Error] :1:1: Premature end of file.
2024-04-23 00:30:41,718 [ERROR] LogOutputStream:74 - [STDERR_REDIRECT] 
2024-04-23 00:30:41,728 [ERROR] LogOutputStream:74 - [STDERR_REDIRECT] [Fatal Error] :1:1: Premature end of file.
2024-04-23 00:30:41,728 [ERROR] LogOutputStream:74 - [STDERR_REDIRECT] 
2024-04-23 00:30:41,744 [ERROR] LogOutputStream:74 - [STDERR_REDIRECT] [Fatal Error] :1:1: Premature end of file.
2024-04-23 00:30:41,744 [ERROR] LogOutputStream:74 - [STDERR_REDIRECT] 
2024-04-23 00:33:06,040 [ERROR] LogOutputStream:74 - [STDERR_REDIRECT] [Fatal Error] :1:1: Premature end of file.
2024-04-23 00:33:06,040 [ERROR] LogOutputStream:74 - [STDERR_REDIRECT] 
2024-04-23 00:33:06,056 [ERROR] LogOutputStream:74 - [STDERR_REDIRECT] [Fatal Error] :1:1: Premature end of file.
2024-04-23 00:33:06,056 [ERROR] LogOutputStream:74 - [STDERR_REDIRECT] 
2024-04-23 00:33:06,072 [ERROR] LogOutputStream:74 - [STDERR_REDIRECT] [Fatal Error] :1:1: Premature end of file.
2024-04-23 00:33:06,072 [ERROR] LogOutputStream:74 - [STDERR_REDIRECT] 
2024-04-23 00:33:06,288 [ERROR] LogOutputStream:74 - [STDERR_REDIRECT] [Fatal Error] :1:1: Premature end of file.
2024-04-23 00:33:06,288 [ERROR] LogOutputStream:74 - [STDERR_REDIRECT] 
2024-04-23 00:33:06,304 [ERROR] LogOutputStream:74 - [STDERR_REDIRECT] [Fatal Error] :1:1: Premature end of file.
2024-04-23 00:33:06,304 [ERROR] LogOutputStream:74 - [STDERR_REDIRECT] 
2024-04-23 00:33:06,320 [ERROR] LogOutputStream:74 - [STDERR_REDIRECT] [Fatal Error] :1:1: Premature end of file.
2024-04-23 00:33:06,320 [ERROR] LogOutputStream:74 - [STDERR_REDIRECT] 
2024-04-23 00:37:40,149 [ERROR] LogOutputStream:74 - [STDERR_REDIRECT] [Fatal Error] :1:1: Premature end of file.
2024-04-23 00:37:40,149 [ERROR] LogOutputStream:74 - [STDERR_REDIRECT] 
2024-04-23 00:37:40,154 [ERROR] LogOutputStream:74 - [STDERR_REDIRECT] [Fatal Error] :1:1: Premature end of file.
2024-04-23 00:37:40,154 [ERROR] LogOutputStream:74 - [STDERR_REDIRECT] 
2024-04-23 00:37:40,169 [ERROR] LogOutputStream:74 - [STDERR_REDIRECT] [Fatal Error] :1:1: Premature end of file.
2024-04-23 00:37:40,169 [ERROR] LogOutputStream:74 - [STDERR_REDIRECT] 
2024-04-23 00:37:40,550 [ERROR] LogOutputStream:74 - [STDERR_REDIRECT] [Fatal Error] :1:1: Premature end of file.
2024-04-23 00:37:40,550 [ERROR] LogOutputStream:74 - [STDERR_REDIRECT] 
2024-04-23 00:37:40,565 [ERROR] LogOutputStream:74 - [STDERR_REDIRECT] [Fatal Error] :1:1: Premature end of file.
2024-04-23 00:37:40,565 [ERROR] LogOutputStream:74 - [STDERR_REDIRECT] 
2024-04-23 00:37:40,565 [ERROR] LogOutputStream:74 - [STDERR_REDIRECT] [Fatal Error] :1:1: Premature end of file.
2024-04-23 00:37:40,565 [ERROR] LogOutputStream:74 - [STDERR_REDIRECT] 
2024-04-23 00:38:50,206 [ERROR] LogOutputStream:74 - [STDERR_REDIRECT] [Fatal Error] :1:1: Premature end of file.
2024-04-23 00:38:50,206 [ERROR] LogOutputStream:74 - [STDERR_REDIRECT] 
2024-04-23 00:38:50,221 [ERROR] LogOutputStream:74 - [STDERR_REDIRECT] [Fatal Error] :1:1: Premature end of file.
2024-04-23 00:38:50,221 [ERROR] LogOutputStream:74 - [STDERR_REDIRECT] 
2024-04-23 00:38:50,237 [ERROR] LogOutputStream:74 - [STDERR_REDIRECT] [Fatal Error] :1:1: Premature end of file.
2024-04-23 00:38:50,237 [ERROR] LogOutputStream:74 - [STDERR_REDIRECT] 
2024-04-23 00:38:50,489 [ERROR] LogOutputStream:74 - [STDERR_REDIRECT] [Fatal Error] :1:1: Premature end of file.
2024-04-23 00:38:50,489 [ERROR] LogOutputStream:74 - [STDERR_REDIRECT] 
2024-04-23 00:38:50,491 [ERROR] LogOutputStream:74 - [STDERR_REDIRECT] [Fatal Error] :1:1: Premature end of file.
2024-04-23 00:38:50,491 [ERROR] LogOutputStream:74 - [STDERR_REDIRECT] 
2024-04-23 00:38:50,505 [ERROR] LogOutputStream:74 - [STDERR_REDIRECT] [Fatal Error] :1:1: Premature end of file.
2024-04-23 00:38:50,505 [ERROR] LogOutputStream:74 - [STDERR_REDIRECT] 
2024-04-23 00:40:17,407 [ERROR] LogOutputStream:74 - [STDERR_REDIRECT] [Fatal Error] :1:1: Premature end of file.
2024-04-23 00:40:17,407 [ERROR] LogOutputStream:74 - [STDERR_REDIRECT] 
2024-04-23 00:40:17,435 [ERROR] LogOutputStream:74 - [STDERR_REDIRECT] [Fatal Error] :1:1: Premature end of file.
2024-04-23 00:40:17,435 [ERROR] LogOutputStream:74 - [STDERR_REDIRECT] 
2024-04-23 00:40:17,435 [ERROR] LogOutputStream:74 - [STDERR_REDIRECT] [Fatal Error] :1:1: Premature end of file.
2024-04-23 00:40:17,435 [ERROR] LogOutputStream:74 - [STDERR_REDIRECT] 
2024-04-23 00:40:17,766 [ERROR] LogOutputStream:74 - [STDERR_REDIRECT] [Fatal Error] :1:1: Premature end of file.
2024-04-23 00:40:17,766 [ERROR] LogOutputStream:74 - [STDERR_REDIRECT] 
2024-04-23 00:40:17,766 [ERROR] LogOutputStream:74 - [STDERR_REDIRECT] [Fatal Error] :1:1: Premature end of file.
2024-04-23 00:40:17,766 [ERROR] LogOutputStream:74 - [STDERR_REDIRECT] 
2024-04-23 00:40:17,781 [ERROR] LogOutputStream:74 - [STDERR_REDIRECT] [Fatal Error] :1:1: Premature end of file.
2024-04-23 00:40:17,781 [ERROR] LogOutputStream:74 - [STDERR_REDIRECT] 
2024-04-23 00:40:18,615 [ERROR] LogOutputStream:74 - [STDERR_REDIRECT] [Fatal Error] :1:1: Premature end of file.
2024-04-23 00:40:18,615 [ERROR] LogOutputStream:74 - [STDERR_REDIRECT] 
2024-04-23 00:40:18,615 [ERROR] LogOutputStream:74 - [STDERR_REDIRECT] [Fatal Error] :1:1: Premature end of file.
2024-04-23 00:40:18,615 [ERROR] LogOutputStream:74 - [STDERR_REDIRECT] 
2024-04-23 00:40:18,647 [ERROR] LogOutputStream:74 - [STDERR_REDIRECT] [Fatal Error] :1:1: Premature end of file.
2024-04-23 00:40:18,647 [ERROR] LogOutputStream:74 - [STDERR_REDIRECT] 
2024-04-23 00:41:16,381 [ERROR] LogOutputStream:74 - [STDERR_REDIRECT] [Fatal Error] :1:1: Premature end of file.
2024-04-23 00:41:16,381 [ERROR] LogOutputStream:74 - [STDERR_REDIRECT] 
2024-04-23 00:41:16,397 [ERROR] LogOutputStream:74 - [STDERR_REDIRECT] [Fatal Error] :1:1: Premature end of file.
2024-04-23 00:41:16,397 [ERROR] LogOutputStream:74 - [STDERR_REDIRECT] 
2024-04-23 00:41:16,412 [ERROR] LogOutputStream:74 - [STDERR_REDIRECT] [Fatal Error] :1:1: Premature end of file.
2024-04-23 00:41:16,412 [ERROR] LogOutputStream:74 - [STDERR_REDIRECT] 
2024-04-23 00:43:28,493 [ERROR] LogOutputStream:74 - [STDERR_REDIRECT] [Fatal Error] :1:1: Premature end of file.
2024-04-23 00:43:28,493 [ERROR] LogOutputStream:74 - [STDERR_REDIRECT] 
2024-04-23 00:43:28,524 [ERROR] LogOutputStream:74 - [STDERR_REDIRECT] [Fatal Error] :1:1: Premature end of file.
2024-04-23 00:43:28,524 [ERROR] LogOutputStream:74 - [STDERR_REDIRECT] 
2024-04-23 00:43:28,540 [ERROR] LogOutputStream:74 - [STDERR_REDIRECT] [Fatal Error] :1:1: Premature end of file.
2024-04-23 00:43:28,540 [ERROR] LogOutputStream:74 - [STDERR_REDIRECT] 
2024-04-23 00:43:28,807 [ERROR] LogOutputStream:74 - [STDERR_REDIRECT] [Fatal Error] :1:1: Premature end of file.
2024-04-23 00:43:28,807 [ERROR] LogOutputStream:74 - [STDERR_REDIRECT] 
2024-04-23 00:43:28,824 [ERROR] LogOutputStream:74 - [STDERR_REDIRECT] [Fatal Error] :1:1: Premature end of file.
2024-04-23 00:43:28,824 [ERROR] LogOutputStream:74 - [STDERR_REDIRECT] 
2024-04-23 00:43:28,824 [ERROR] LogOutputStream:74 - [STDERR_REDIRECT] [Fatal Error] :1:1: Premature end of file.
2024-04-23 00:43:28,824 [ERROR] LogOutputStream:74 - [STDERR_REDIRECT] 
2024-04-23 00:44:11,493 [ERROR] LogOutputStream:74 - [STDERR_REDIRECT] [Fatal Error] :1:1: Premature end of file.
2024-04-23 00:44:11,493 [ERROR] LogOutputStream:74 - [STDERR_REDIRECT] 
2024-04-23 00:44:11,503 [ERROR] LogOutputStream:74 - [STDERR_REDIRECT] [Fatal Error] :1:1: Premature end of file.
2024-04-23 00:44:11,503 [ERROR] LogOutputStream:74 - [STDERR_REDIRECT] 
2024-04-23 00:44:11,509 [ERROR] LogOutputStream:74 - [STDERR_REDIRECT] [Fatal Error] :1:1: Premature end of file.
2024-04-23 00:44:11,509 [ERROR] LogOutputStream:74 - [STDERR_REDIRECT] 
2024-04-23 00:44:11,699 [ERROR] LogOutputStream:74 - [STDERR_REDIRECT] [Fatal Error] :1:1: Premature end of file.
2024-04-23 00:44:11,699 [ERROR] LogOutputStream:74 - [STDERR_REDIRECT] 
2024-04-23 00:44:11,714 [ERROR] LogOutputStream:74 - [STDERR_REDIRECT] [Fatal Error] :1:1: Premature end of file.
2024-04-23 00:44:11,714 [ERROR] LogOutputStream:74 - [STDERR_REDIRECT] 
2024-04-23 00:44:11,714 [ERROR] LogOutputStream:74 - [STDERR_REDIRECT] [Fatal Error] :1:1: Premature end of file.
2024-04-23 00:44:11,714 [ERROR] LogOutputStream:74 - [STDERR_REDIRECT] 
2024-04-23 00:45:38,755 [ERROR] LogOutputStream:74 - [STDERR_REDIRECT] [Fatal Error] :1:1: Premature end of file.
2024-04-23 00:45:38,755 [ERROR] LogOutputStream:74 - [STDERR_REDIRECT] 
2024-04-23 00:45:38,775 [ERROR] LogOutputStream:74 - [STDERR_REDIRECT] [Fatal Error] :1:1: Premature end of file.
2024-04-23 00:45:38,775 [ERROR] LogOutputStream:74 - [STDERR_REDIRECT] 
2024-04-23 00:45:38,792 [ERROR] LogOutputStream:74 - [STDERR_REDIRECT] [Fatal Error] :1:1: Premature end of file.
2024-04-23 00:45:38,792 [ERROR] LogOutputStream:74 - [STDERR_REDIRECT] 
2024-04-23 00:45:39,077 [ERROR] LogOutputStream:74 - [STDERR_REDIRECT] [Fatal Error] :1:1: Premature end of file.
2024-04-23 00:45:39,077 [ERROR] LogOutputStream:74 - [STDERR_REDIRECT] 
2024-04-23 00:45:39,095 [ERROR] LogOutputStream:74 - [STDERR_REDIRECT] [Fatal Error] :1:1: Premature end of file.
2024-04-23 00:45:39,095 [ERROR] LogOutputStream:74 - [STDERR_REDIRECT] 
2024-04-23 00:45:39,105 [ERROR] LogOutputStream:74 - [STDERR_REDIRECT] [Fatal Error] :1:1: Premature end of file.
2024-04-23 00:45:39,105 [ERROR] LogOutputStream:74 - [STDERR_REDIRECT] 
2024-04-23 00:46:14,789 [ERROR] LogOutputStream:74 - [STDERR_REDIRECT] [Fatal Error] :1:1: Premature end of file.
2024-04-23 00:46:14,789 [ERROR] LogOutputStream:74 - [STDERR_REDIRECT] 
2024-04-23 00:46:14,821 [ERROR] LogOutputStream:74 - [STDERR_REDIRECT] [Fatal Error] :1:1: Premature end of file.
2024-04-23 00:46:14,821 [ERROR] LogOutputStream:74 - [STDERR_REDIRECT] 
2024-04-23 00:46:14,821 [ERROR] LogOutputStream:74 - [STDERR_REDIRECT] [Fatal Error] :1:1: Premature end of file.
2024-04-23 00:46:14,821 [ERROR] LogOutputStream:74 - [STDERR_REDIRECT] 
2024-04-23 00:46:15,058 [ERROR] LogOutputStream:74 - [STDERR_REDIRECT] [Fatal Error] :1:1: Premature end of file.
2024-04-23 00:46:15,058 [ERROR] LogOutputStream:74 - [STDERR_REDIRECT] 
2024-04-23 00:46:15,074 [ERROR] LogOutputStream:74 - [STDERR_REDIRECT] [Fatal Error] :1:1: Premature end of file.
2024-04-23 00:46:15,074 [ERROR] LogOutputStream:74 - [STDERR_REDIRECT] 
2024-04-23 00:46:15,074 [ERROR] LogOutputStream:74 - [STDERR_REDIRECT] [Fatal Error] :1:1: Premature end of file.
2024-04-23 00:46:15,074 [ERROR] LogOutputStream:74 - [STDERR_REDIRECT] 
2024-04-23 00:48:17,620 [ERROR] LogOutputStream:74 - [STDERR_REDIRECT] [Fatal Error] :1:1: Premature end of file.
2024-04-23 00:48:17,620 [ERROR] LogOutputStream:74 - [STDERR_REDIRECT] 
2024-04-23 00:48:17,648 [ERROR] LogOutputStream:74 - [STDERR_REDIRECT] [Fatal Error] :1:1: Premature end of file.
2024-04-23 00:48:17,648 [ERROR] LogOutputStream:74 - [STDERR_REDIRECT] 
2024-04-23 00:48:17,648 [ERROR] LogOutputStream:74 - [STDERR_REDIRECT] [Fatal Error] :1:1: Premature end of file.
2024-04-23 00:48:17,648 [ERROR] LogOutputStream:74 - [STDERR_REDIRECT] 
2024-04-23 00:48:17,931 [ERROR] LogOutputStream:74 - [STDERR_REDIRECT] [Fatal Error] :1:1: Premature end of file.
2024-04-23 00:48:17,931 [ERROR] LogOutputStream:74 - [STDERR_REDIRECT] 
2024-04-23 00:48:17,931 [ERROR] LogOutputStream:74 - [STDERR_REDIRECT] [Fatal Error] :1:1: Premature end of file.
2024-04-23 00:48:17,931 [ERROR] LogOutputStream:74 - [STDERR_REDIRECT] 
2024-04-23 00:48:17,947 [ERROR] LogOutputStream:74 - [STDERR_REDIRECT] [Fatal Error] :1:1: Premature end of file.
2024-04-23 00:48:17,947 [ERROR] LogOutputStream:74 - [STDERR_REDIRECT] 
2024-04-23 00:49:05,420 [ERROR] LogOutputStream:74 - [STDERR_REDIRECT] [Fatal Error] :1:1: Premature end of file.
2024-04-23 00:49:05,420 [ERROR] LogOutputStream:74 - [STDERR_REDIRECT] 
2024-04-23 00:49:05,436 [ERROR] LogOutputStream:74 - [STDERR_REDIRECT] [Fatal Error] :1:1: Premature end of file.
2024-04-23 00:49:05,436 [ERROR] LogOutputStream:74 - [STDERR_REDIRECT] 
2024-04-23 00:49:05,482 [ERROR] LogOutputStream:74 - [STDERR_REDIRECT] [Fatal Error] :1:1: Premature end of file.
2024-04-23 00:49:05,482 [ERROR] LogOutputStream:74 - [STDERR_REDIRECT] 
2024-04-23 00:49:05,763 [ERROR] LogOutputStream:74 - [STDERR_REDIRECT] [Fatal Error] :1:1: Premature end of file.
2024-04-23 00:49:05,763 [ERROR] LogOutputStream:74 - [STDERR_REDIRECT] 
2024-04-23 00:49:05,767 [ERROR] LogOutputStream:74 - [STDERR_REDIRECT] [Fatal Error] :1:1: Premature end of file.
2024-04-23 00:49:05,767 [ERROR] LogOutputStream:74 - [STDERR_REDIRECT] 
2024-04-23 00:49:05,783 [ERROR] LogOutputStream:74 - [STDERR_REDIRECT] [Fatal Error] :1:1: Premature end of file.
2024-04-23 00:49:05,783 [ERROR] LogOutputStream:74 - [STDERR_REDIRECT] 
2024-04-23 00:49:24,443 [ERROR] LogOutputStream:74 - [STDERR_REDIRECT] [Fatal Error] :1:1: Premature end of file.
2024-04-23 00:49:24,443 [ERROR] LogOutputStream:74 - [STDERR_REDIRECT] 
2024-04-23 00:49:24,443 [ERROR] LogOutputStream:74 - [STDERR_REDIRECT] [Fatal Error] :1:1: Premature end of file.
2024-04-23 00:49:24,443 [ERROR] LogOutputStream:74 - [STDERR_REDIRECT] 
2024-04-23 00:49:24,463 [ERROR] LogOutputStream:74 - [STDERR_REDIRECT] [Fatal Error] :1:1: Premature end of file.
2024-04-23 00:49:24,463 [ERROR] LogOutputStream:74 - [STDERR_REDIRECT] 
2024-04-23 00:49:24,713 [ERROR] LogOutputStream:74 - [STDERR_REDIRECT] [Fatal Error] :1:1: Premature end of file.
2024-04-23 00:49:24,713 [ERROR] LogOutputStream:74 - [STDERR_REDIRECT] 
2024-04-23 00:49:24,729 [ERROR] LogOutputStream:74 - [STDERR_REDIRECT] [Fatal Error] :1:1: Premature end of file.
2024-04-23 00:49:24,729 [ERROR] LogOutputStream:74 - [STDERR_REDIRECT] 
2024-04-23 00:49:24,729 [ERROR] LogOutputStream:74 - [STDERR_REDIRECT] [Fatal Error] :1:1: Premature end of file.
2024-04-23 00:49:24,729 [ERROR] LogOutputStream:74 - [STDERR_REDIRECT] 
2024-04-23 00:49:39,240 [ERROR] LogOutputStream:74 - [STDERR_REDIRECT] [Fatal Error] :1:1: Premature end of file.
2024-04-23 00:49:39,240 [ERROR] LogOutputStream:74 - [STDERR_REDIRECT] 
2024-04-23 00:49:39,240 [ERROR] LogOutputStream:74 - [STDERR_REDIRECT] [Fatal Error] :1:1: Premature end of file.
2024-04-23 00:49:39,240 [ERROR] LogOutputStream:74 - [STDERR_REDIRECT] 
2024-04-23 00:49:39,271 [ERROR] LogOutputStream:74 - [STDERR_REDIRECT] [Fatal Error] :1:1: Premature end of file.
2024-04-23 00:49:39,271 [ERROR] LogOutputStream:74 - [STDERR_REDIRECT] 
2024-04-23 00:49:39,539 [ERROR] LogOutputStream:74 - [STDERR_REDIRECT] [Fatal Error] :1:1: Premature end of file.
2024-04-23 00:49:39,539 [ERROR] LogOutputStream:74 - [STDERR_REDIRECT] 
2024-04-23 00:49:39,549 [ERROR] LogOutputStream:74 - [STDERR_REDIRECT] [Fatal Error] :1:1: Premature end of file.
2024-04-23 00:49:39,549 [ERROR] LogOutputStream:74 - [STDERR_REDIRECT] 
2024-04-23 00:49:39,555 [ERROR] LogOutputStream:74 - [STDERR_REDIRECT] [Fatal Error] :1:1: Premature end of file.
2024-04-23 00:49:39,555 [ERROR] LogOutputStream:74 - [STDERR_REDIRECT] 
2024-04-23 00:51:30,481 [ERROR] LogOutputStream:74 - [STDERR_REDIRECT] [Fatal Error] :1:1: Premature end of file.
2024-04-23 00:51:30,481 [ERROR] LogOutputStream:74 - [STDERR_REDIRECT] 
2024-04-23 00:51:30,497 [ERROR] LogOutputStream:74 - [STDERR_REDIRECT] [Fatal Error] :1:1: Premature end of file.
2024-04-23 00:51:30,497 [ERROR] LogOutputStream:74 - [STDERR_REDIRECT] 
2024-04-23 00:51:30,497 [ERROR] LogOutputStream:74 - [STDERR_REDIRECT] [Fatal Error] :1:1: Premature end of file.
2024-04-23 00:51:30,497 [ERROR] LogOutputStream:74 - [STDERR_REDIRECT] 
2024-04-23 00:51:30,717 [ERROR] LogOutputStream:74 - [STDERR_REDIRECT] [Fatal Error] :1:1: Premature end of file.
2024-04-23 00:51:30,717 [ERROR] LogOutputStream:74 - [STDERR_REDIRECT] 
2024-04-23 00:51:30,717 [ERROR] LogOutputStream:74 - [STDERR_REDIRECT] [Fatal Error] :1:1: Premature end of file.
2024-04-23 00:51:30,717 [ERROR] LogOutputStream:74 - [STDERR_REDIRECT] 
2024-04-23 00:51:30,733 [ERROR] LogOutputStream:74 - [STDERR_REDIRECT] [Fatal Error] :1:1: Premature end of file.
2024-04-23 00:51:30,733 [ERROR] LogOutputStream:74 - [STDERR_REDIRECT] 
2024-04-23 01:43:38,597 [ERROR] LogOutputStream:74 - [STDERR_REDIRECT] [Fatal Error] :1:1: Premature end of file.
2024-04-23 01:43:38,600 [ERROR] LogOutputStream:74 - [STDERR_REDIRECT] 
2024-04-23 01:43:38,621 [ERROR] LogOutputStream:74 - [STDERR_REDIRECT] [Fatal Error] :1:1: Premature end of file.
2024-04-23 01:43:38,623 [ERROR] LogOutputStream:74 - [STDERR_REDIRECT] 
2024-04-23 01:43:38,642 [ERROR] LogOutputStream:74 - [STDERR_REDIRECT] [Fatal Error] :1:1: Premature end of file.
2024-04-23 01:43:38,645 [ERROR] LogOutputStream:74 - [STDERR_REDIRECT] 
