22:32:51 **** Incremental Build of configuration Debug for project code ****
make -j4 all 
arm-none-eabi-gcc "../Core/Src/cursors.c" -mcpu=cortex-m4 -std=gnu11 -g3 -DUSE_HAL_DRIVER -DSTM32L476xx -DDEBUG -c -I../Core/Inc -I../Drivers/STM32L4xx_HAL_Driver/Inc -I../Drivers/STM32L4xx_HAL_Driver/Inc/Legacy -I../Drivers/CMSIS/Device/ST/STM32L4xx/Include -I../Drivers/CMSIS/Include -I../fonts -O0 -ffunction-sections -fdata-sections -Wall -fstack-usage -MMD -MP -MF"Core/Src/cursors.d" -MT"Core/Src/cursors.o" --specs=nano.specs -mfpu=fpv4-sp-d16 -mfloat-abi=hard -mthumb -o "Core/Src/cursors.o"
../Core/Src/cursors.c: In function 'drawCursorsTime':
../Core/Src/cursors.c:45:1: error: invalid use of void expression
 + drawFastVLine(time_cursor_1, SCOPE_Y_OFFSET, SCOPE_Y, YELLOW);
 ^
make: *** [Core/Src/subdir.mk:73: Core/Src/cursors.o] Error 1
"make -j4 all" terminated with exit code 2. Build might be incomplete.
22:33:06 **** Incremental Build of configuration Debug for project code ****
make -j4 all 
arm-none-eabi-gcc "../Core/Src/cursors.c" -mcpu=cortex-m4 -std=gnu11 -g3 -DUSE_HAL_DRIVER -DSTM32L476xx -DDEBUG -c -I../Core/Inc -I../Drivers/STM32L4xx_HAL_Driver/Inc -I../Drivers/STM32L4xx_HAL_Driver/Inc/Legacy -I../Drivers/CMSIS/Device/ST/STM32L4xx/Include -I../Drivers/CMSIS/Include -I../fonts -O0 -ffunction-sections -fdata-sections -Wall -fstack-usage -MMD -MP -MF"Core/Src/cursors.d" -MT"Core/Src/cursors.o" --specs=nano.specs -mfpu=fpv4-sp-d16 -mfloat-abi=hard -mthumb -o "Core/Src/cursors.o"
arm-none-eabi-gcc -o "code.elf" @"objects.list"   -mcpu=cortex-m4 -T"C:\Users\Kamil\Documents\STM32_oscilloscope\code\STM32L476RGTX_FLASH.ld" --specs=nosys.specs -Wl,-Map="code.map" -Wl,--gc-sections -static --specs=nano.specs -mfpu=fpv4-sp-d16 -mfloat-abi=hard -mthumb -Wl,--start-group -lc -lm -Wl,--end-group
Finished building target: code.elf
 
arm-none-eabi-objdump -h -S  code.elf  > "code.list"
arm-none-eabi-objcopy  -O binary  code.elf  "code.bin"
arm-none-eabi-size   code.elf 
   text	   data	    bss	    dec	    hex	filename
  47144	    612	  79020	 126776	  1ef38	code.elf
Finished building: default.size.stdout
 
Finished building: code.bin
 
Finished building: code.list
 
22:33:56 **** Incremental Build of configuration Debug for project code ****
make -j4 all 
arm-none-eabi-size   code.elf 
   text	   data	    bss	    dec	    hex	filename
  47144	    612	  79020	 126776	  1ef38	code.elf
Finished building: default.size.stdout
 
22:35:34 **** Incremental Build of configuration Debug for project code ****
make -j4 all 
arm-none-eabi-gcc "../Core/Src/main.c" -mcpu=cortex-m4 -std=gnu11 -g3 -DUSE_HAL_DRIVER -DSTM32L476xx -DDEBUG -c -I../Core/Inc -I../Drivers/STM32L4xx_HAL_Driver/Inc -I../Drivers/STM32L4xx_HAL_Driver/Inc/Legacy -I../Drivers/CMSIS/Device/ST/STM32L4xx/Include -I../Drivers/CMSIS/Include -I../fonts -O0 -ffunction-sections -fdata-sections -Wall -fstack-usage -MMD -MP -MF"Core/Src/main.d" -MT"Core/Src/main.o" --specs=nano.specs -mfpu=fpv4-sp-d16 -mfloat-abi=hard -mthumb -o "Core/Src/main.o"
../Core/Src/main.c: In function 'drawMenu':
../Core/Src/main.c:179:23: warning: passing argument 1 of 'drawImageTransparent' from incompatible pointer type [-Wincompatible-pointer-types]
  drawImageTransparent(arrowUpDown, 447, 105, 8, 15);
                       ^~~~~~~~~~~
In file included from ../Core/Src/main.c:32:0:
../Core/Inc/ili9488.h:158:6: note: expected 'const uint8_t * {aka const unsigned char *}' but argument is of type 'uint8_t (*)[8] {aka unsigned char (*)[8]}'
 void drawImageTransparent(const uint8_t* img, uint16_t x, uint16_t y, uint16_t w, uint16_t h);
      ^~~~~~~~~~~~~~~~~~~~
../Core/Src/main.c:182:23: warning: passing argument 1 of 'drawImageTransparent' from incompatible pointer type [-Wincompatible-pointer-types]
  drawImageTransparent(arrowLeftRight, 443, 108 + 42, 15, 7);
                       ^~~~~~~~~~~~~~
In file included from ../Core/Src/main.c:32:0:
../Core/Inc/ili9488.h:158:6: note: expected 'const uint8_t * {aka const unsigned char *}' but argument is of type 'uint8_t (*)[15] {aka unsigned char (*)[15]}'
 void drawImageTransparent(const uint8_t* img, uint16_t x, uint16_t y, uint16_t w, uint16_t h);
      ^~~~~~~~~~~~~~~~~~~~
../Core/Src/main.c: In function 'main':
../Core/Src/main.c:285:25: warning: passing argument 1 of 'drawImageTransparent' from incompatible pointer type [-Wincompatible-pointer-types]
    drawImageTransparent(trigRisingIcon, 440, 5, 9, 15);
                         ^~~~~~~~~~~~~~
In file included from ../Core/Src/main.c:32:0:
../Core/Inc/ili9488.h:158:6: note: expected 'const uint8_t * {aka const unsigned char *}' but argument is of type 'uint8_t (*)[9] {aka unsigned char (*)[9]}'
 void drawImageTransparent(const uint8_t* img, uint16_t x, uint16_t y, uint16_t w, uint16_t h);
      ^~~~~~~~~~~~~~~~~~~~
../Core/Src/main.c:358:19: warning: format '%d' expects argument of type 'int', but argument 3 has type 'int32_t {aka long int}' [-Wformat=]
     sprintf(buf,"%d", encoder1);
                  ~^
                  %ld
../Core/Src/main.c:392:49: warning: pointer targets in passing argument 1 of 'calculate_peak_to_peak' differ in signedness [-Wpointer-sign]
    sprintf(buf,"Vpp=%d", calculate_peak_to_peak(CH1.waveform));
                                                 ^~~
In file included from ../Core/Src/main.c:34:0:
../Core/Inc/oscilloscope.h:34:5: note: expected 'int16_t * {aka short int *}' but argument is of type 'uint16_t * {aka short unsigned int *}'
 int calculate_peak_to_peak(int16_t waveform[MEMORY_DEPTH]);
     ^~~~~~~~~~~~~~~~~~~~~~
../Core/Src/main.c:394:41: warning: pointer targets in passing argument 1 of 'calculate_RMS' differ in signedness [-Wpointer-sign]
    sprintf(buf,"Vrms=%d", calculate_RMS(CH1.waveform));
                                         ^~~
In file included from ../Core/Src/main.c:34:0:
../Core/Inc/oscilloscope.h:35:5: note: expected 'int16_t * {aka short int *}' but argument is of type 'uint16_t * {aka short unsigned int *}'
 int calculate_RMS(int16_t waveform[MEMORY_DEPTH]);
     ^~~~~~~~~~~~~
arm-none-eabi-gcc -o "code.elf" @"objects.list"   -mcpu=cortex-m4 -T"C:\Users\Kamil\Documents\STM32_oscilloscope\code\STM32L476RGTX_FLASH.ld" --specs=nosys.specs -Wl,-Map="code.map" -Wl,--gc-sections -static --specs=nano.specs -mfpu=fpv4-sp-d16 -mfloat-abi=hard -mthumb -Wl,--start-group -lc -lm -Wl,--end-group
Finished building target: code.elf
 
arm-none-eabi-objdump -h -S  code.elf  > "code.list"
arm-none-eabi-objcopy  -O binary  code.elf  "code.bin"
arm-none-eabi-size   code.elf 
   text	   data	    bss	    dec	    hex	filename
  47188	    612	  79020	 126820	  1ef64	code.elf
Finished building: default.size.stdout
 
Finished building: code.bin
 
Finished building: code.list
 
22:35:54 **** Incremental Build of configuration Debug for project code ****
make -j4 all 
arm-none-eabi-gcc "../Core/Src/main.c" -mcpu=cortex-m4 -std=gnu11 -g3 -DUSE_HAL_DRIVER -DSTM32L476xx -DDEBUG -c -I../Core/Inc -I../Drivers/STM32L4xx_HAL_Driver/Inc -I../Drivers/STM32L4xx_HAL_Driver/Inc/Legacy -I../Drivers/CMSIS/Device/ST/STM32L4xx/Include -I../Drivers/CMSIS/Include -I../fonts -O0 -ffunction-sections -fdata-sections -Wall -fstack-usage -MMD -MP -MF"Core/Src/main.d" -MT"Core/Src/main.o" --specs=nano.specs -mfpu=fpv4-sp-d16 -mfloat-abi=hard -mthumb -o "Core/Src/main.o"
../Core/Src/main.c: In function 'drawMenu':
../Core/Src/main.c:179:23: warning: passing argument 1 of 'drawImageTransparent' from incompatible pointer type [-Wincompatible-pointer-types]
  drawImageTransparent(arrowUpDown, 447, 105, 8, 15);
                       ^~~~~~~~~~~
In file included from ../Core/Src/main.c:32:0:
../Core/Inc/ili9488.h:158:6: note: expected 'const uint8_t * {aka const unsigned char *}' but argument is of type 'uint8_t (*)[8] {aka unsigned char (*)[8]}'
 void drawImageTransparent(const uint8_t* img, uint16_t x, uint16_t y, uint16_t w, uint16_t h);
      ^~~~~~~~~~~~~~~~~~~~
../Core/Src/main.c:182:23: warning: passing argument 1 of 'drawImageTransparent' from incompatible pointer type [-Wincompatible-pointer-types]
  drawImageTransparent(arrowLeftRight, 443, 108 + 42, 15, 7);
                       ^~~~~~~~~~~~~~
In file included from ../Core/Src/main.c:32:0:
../Core/Inc/ili9488.h:158:6: note: expected 'const uint8_t * {aka const unsigned char *}' but argument is of type 'uint8_t (*)[15] {aka unsigned char (*)[15]}'
 void drawImageTransparent(const uint8_t* img, uint16_t x, uint16_t y, uint16_t w, uint16_t h);
      ^~~~~~~~~~~~~~~~~~~~
../Core/Src/main.c: In function 'main':
../Core/Src/main.c:285:25: warning: passing argument 1 of 'drawImageTransparent' from incompatible pointer type [-Wincompatible-pointer-types]
    drawImageTransparent(trigRisingIcon, 440, 5, 9, 15);
                         ^~~~~~~~~~~~~~
In file included from ../Core/Src/main.c:32:0:
../Core/Inc/ili9488.h:158:6: note: expected 'const uint8_t * {aka const unsigned char *}' but argument is of type 'uint8_t (*)[9] {aka unsigned char (*)[9]}'
 void drawImageTransparent(const uint8_t* img, uint16_t x, uint16_t y, uint16_t w, uint16_t h);
      ^~~~~~~~~~~~~~~~~~~~
../Core/Src/main.c:358:19: warning: format '%d' expects argument of type 'int', but argument 3 has type 'int32_t {aka long int}' [-Wformat=]
     sprintf(buf,"%d", encoder1);
                  ~^
                  %ld
../Core/Src/main.c:392:49: warning: pointer targets in passing argument 1 of 'calculate_peak_to_peak' differ in signedness [-Wpointer-sign]
    sprintf(buf,"Vpp=%d", calculate_peak_to_peak(CH1.waveform));
                                                 ^~~
In file included from ../Core/Src/main.c:34:0:
../Core/Inc/oscilloscope.h:34:5: note: expected 'int16_t * {aka short int *}' but argument is of type 'uint16_t * {aka short unsigned int *}'
 int calculate_peak_to_peak(int16_t waveform[MEMORY_DEPTH]);
     ^~~~~~~~~~~~~~~~~~~~~~
../Core/Src/main.c:394:41: warning: pointer targets in passing argument 1 of 'calculate_RMS' differ in signedness [-Wpointer-sign]
    sprintf(buf,"Vrms=%d", calculate_RMS(CH1.waveform));
                                         ^~~
In file included from ../Core/Src/main.c:34:0:
../Core/Inc/oscilloscope.h:35:5: note: expected 'int16_t * {aka short int *}' but argument is of type 'uint16_t * {aka short unsigned int *}'
 int calculate_RMS(int16_t waveform[MEMORY_DEPTH]);
     ^~~~~~~~~~~~~
arm-none-eabi-gcc -o "code.elf" @"objects.list"   -mcpu=cortex-m4 -T"C:\Users\Kamil\Documents\STM32_oscilloscope\code\STM32L476RGTX_FLASH.ld" --specs=nosys.specs -Wl,-Map="code.map" -Wl,--gc-sections -static --specs=nano.specs -mfpu=fpv4-sp-d16 -mfloat-abi=hard -mthumb -Wl,--start-group -lc -lm -Wl,--end-group
Finished building target: code.elf
 
arm-none-eabi-objdump -h -S  code.elf  > "code.list"
arm-none-eabi-objcopy  -O binary  code.elf  "code.bin"
arm-none-eabi-size   code.elf 
   text	   data	    bss	    dec	    hex	filename
  47188	    612	  79020	 126820	  1ef64	code.elf
Finished building: default.size.stdout
 
Finished building: code.bin
 
Finished building: code.list
 
22:37:20 **** Incremental Build of configuration Debug for project code ****
make -j4 all 
arm-none-eabi-gcc "../Core/Src/main.c" -mcpu=cortex-m4 -std=gnu11 -g3 -DUSE_HAL_DRIVER -DSTM32L476xx -DDEBUG -c -I../Core/Inc -I../Drivers/STM32L4xx_HAL_Driver/Inc -I../Drivers/STM32L4xx_HAL_Driver/Inc/Legacy -I../Drivers/CMSIS/Device/ST/STM32L4xx/Include -I../Drivers/CMSIS/Include -I../fonts -O0 -ffunction-sections -fdata-sections -Wall -fstack-usage -MMD -MP -MF"Core/Src/main.d" -MT"Core/Src/main.o" --specs=nano.specs -mfpu=fpv4-sp-d16 -mfloat-abi=hard -mthumb -o "Core/Src/main.o"
../Core/Src/main.c: In function 'drawMenu':
../Core/Src/main.c:179:23: warning: passing argument 1 of 'drawImageTransparent' from incompatible pointer type [-Wincompatible-pointer-types]
  drawImageTransparent(arrowUpDown, 447, 105, 8, 15);
                       ^~~~~~~~~~~
In file included from ../Core/Src/main.c:32:0:
../Core/Inc/ili9488.h:158:6: note: expected 'const uint8_t * {aka const unsigned char *}' but argument is of type 'uint8_t (*)[8] {aka unsigned char (*)[8]}'
 void drawImageTransparent(const uint8_t* img, uint16_t x, uint16_t y, uint16_t w, uint16_t h);
      ^~~~~~~~~~~~~~~~~~~~
../Core/Src/main.c:182:23: warning: passing argument 1 of 'drawImageTransparent' from incompatible pointer type [-Wincompatible-pointer-types]
  drawImageTransparent(arrowLeftRight, 443, 108 + 42, 15, 7);
                       ^~~~~~~~~~~~~~
In file included from ../Core/Src/main.c:32:0:
../Core/Inc/ili9488.h:158:6: note: expected 'const uint8_t * {aka const unsigned char *}' but argument is of type 'uint8_t (*)[15] {aka unsigned char (*)[15]}'
 void drawImageTransparent(const uint8_t* img, uint16_t x, uint16_t y, uint16_t w, uint16_t h);
      ^~~~~~~~~~~~~~~~~~~~
../Core/Src/main.c: In function 'main':
../Core/Src/main.c:285:25: warning: passing argument 1 of 'drawImageTransparent' from incompatible pointer type [-Wincompatible-pointer-types]
    drawImageTransparent(trigRisingIcon, 440, 5, 9, 15);
                         ^~~~~~~~~~~~~~
In file included from ../Core/Src/main.c:32:0:
../Core/Inc/ili9488.h:158:6: note: expected 'const uint8_t * {aka const unsigned char *}' but argument is of type 'uint8_t (*)[9] {aka unsigned char (*)[9]}'
 void drawImageTransparent(const uint8_t* img, uint16_t x, uint16_t y, uint16_t w, uint16_t h);
      ^~~~~~~~~~~~~~~~~~~~
../Core/Src/main.c:358:19: warning: format '%d' expects argument of type 'int', but argument 3 has type 'int32_t {aka long int}' [-Wformat=]
     sprintf(buf,"%d", encoder1);
                  ~^
                  %ld
../Core/Src/main.c:392:49: warning: pointer targets in passing argument 1 of 'calculate_peak_to_peak' differ in signedness [-Wpointer-sign]
    sprintf(buf,"Vpp=%d", calculate_peak_to_peak(CH1.waveform));
                                                 ^~~
In file included from ../Core/Src/main.c:34:0:
../Core/Inc/oscilloscope.h:34:5: note: expected 'int16_t * {aka short int *}' but argument is of type 'uint16_t * {aka short unsigned int *}'
 int calculate_peak_to_peak(int16_t waveform[MEMORY_DEPTH]);
     ^~~~~~~~~~~~~~~~~~~~~~
../Core/Src/main.c:394:41: warning: pointer targets in passing argument 1 of 'calculate_RMS' differ in signedness [-Wpointer-sign]
    sprintf(buf,"Vrms=%d", calculate_RMS(CH1.waveform));
                                         ^~~
In file included from ../Core/Src/main.c:34:0:
../Core/Inc/oscilloscope.h:35:5: note: expected 'int16_t * {aka short int *}' but argument is of type 'uint16_t * {aka short unsigned int *}'
 int calculate_RMS(int16_t waveform[MEMORY_DEPTH]);
     ^~~~~~~~~~~~~
arm-none-eabi-gcc -o "code.elf" @"objects.list"   -mcpu=cortex-m4 -T"C:\Users\Kamil\Documents\STM32_oscilloscope\code\STM32L476RGTX_FLASH.ld" --specs=nosys.specs -Wl,-Map="code.map" -Wl,--gc-sections -static --specs=nano.specs -mfpu=fpv4-sp-d16 -mfloat-abi=hard -mthumb -Wl,--start-group -lc -lm -Wl,--end-group
Finished building target: code.elf
 
arm-none-eabi-objdump -h -S  code.elf  > "code.list"
arm-none-eabi-objcopy  -O binary  code.elf  "code.bin"
arm-none-eabi-size   code.elf 
   text	   data	    bss	    dec	    hex	filename
  47184	    612	  79020	 126816	  1ef60	code.elf
Finished building: default.size.stdout
 
Finished building: code.bin
 
Finished building: code.list
 
22:38:31 **** Incremental Build of configuration Debug for project code ****
make -j4 all 
arm-none-eabi-gcc "../Core/Src/main.c" -mcpu=cortex-m4 -std=gnu11 -g3 -DUSE_HAL_DRIVER -DSTM32L476xx -DDEBUG -c -I../Core/Inc -I../Drivers/STM32L4xx_HAL_Driver/Inc -I../Drivers/STM32L4xx_HAL_Driver/Inc/Legacy -I../Drivers/CMSIS/Device/ST/STM32L4xx/Include -I../Drivers/CMSIS/Include -I../fonts -O0 -ffunction-sections -fdata-sections -Wall -fstack-usage -MMD -MP -MF"Core/Src/main.d" -MT"Core/Src/main.o" --specs=nano.specs -mfpu=fpv4-sp-d16 -mfloat-abi=hard -mthumb -o "Core/Src/main.o"
../Core/Src/main.c: In function 'drawMenu':
../Core/Src/main.c:179:23: warning: passing argument 1 of 'drawImageTransparent' from incompatible pointer type [-Wincompatible-pointer-types]
  drawImageTransparent(arrowUpDown, 447, 105, 8, 15);
                       ^~~~~~~~~~~
In file included from ../Core/Src/main.c:32:0:
../Core/Inc/ili9488.h:158:6: note: expected 'const uint8_t * {aka const unsigned char *}' but argument is of type 'uint8_t (*)[8] {aka unsigned char (*)[8]}'
 void drawImageTransparent(const uint8_t* img, uint16_t x, uint16_t y, uint16_t w, uint16_t h);
      ^~~~~~~~~~~~~~~~~~~~
../Core/Src/main.c:182:23: warning: passing argument 1 of 'drawImageTransparent' from incompatible pointer type [-Wincompatible-pointer-types]
  drawImageTransparent(arrowLeftRight, 443, 108 + 42, 15, 7);
                       ^~~~~~~~~~~~~~
In file included from ../Core/Src/main.c:32:0:
../Core/Inc/ili9488.h:158:6: note: expected 'const uint8_t * {aka const unsigned char *}' but argument is of type 'uint8_t (*)[15] {aka unsigned char (*)[15]}'
 void drawImageTransparent(const uint8_t* img, uint16_t x, uint16_t y, uint16_t w, uint16_t h);
      ^~~~~~~~~~~~~~~~~~~~
../Core/Src/main.c: In function 'main':
../Core/Src/main.c:285:25: warning: passing argument 1 of 'drawImageTransparent' from incompatible pointer type [-Wincompatible-pointer-types]
    drawImageTransparent(trigRisingIcon, 440, 5, 9, 15);
                         ^~~~~~~~~~~~~~
In file included from ../Core/Src/main.c:32:0:
../Core/Inc/ili9488.h:158:6: note: expected 'const uint8_t * {aka const unsigned char *}' but argument is of type 'uint8_t (*)[9] {aka unsigned char (*)[9]}'
 void drawImageTransparent(const uint8_t* img, uint16_t x, uint16_t y, uint16_t w, uint16_t h);
      ^~~~~~~~~~~~~~~~~~~~
../Core/Src/main.c:359:19: warning: format '%d' expects argument of type 'int', but argument 3 has type 'int32_t {aka long int}' [-Wformat=]
     sprintf(buf,"%d", encoder1);
                  ~^
                  %ld
../Core/Src/main.c:393:49: warning: pointer targets in passing argument 1 of 'calculate_peak_to_peak' differ in signedness [-Wpointer-sign]
    sprintf(buf,"Vpp=%d", calculate_peak_to_peak(CH1.waveform));
                                                 ^~~
In file included from ../Core/Src/main.c:34:0:
../Core/Inc/oscilloscope.h:34:5: note: expected 'int16_t * {aka short int *}' but argument is of type 'uint16_t * {aka short unsigned int *}'
 int calculate_peak_to_peak(int16_t waveform[MEMORY_DEPTH]);
     ^~~~~~~~~~~~~~~~~~~~~~
../Core/Src/main.c:395:41: warning: pointer targets in passing argument 1 of 'calculate_RMS' differ in signedness [-Wpointer-sign]
    sprintf(buf,"Vrms=%d", calculate_RMS(CH1.waveform));
                                         ^~~
In file included from ../Core/Src/main.c:34:0:
../Core/Inc/oscilloscope.h:35:5: note: expected 'int16_t * {aka short int *}' but argument is of type 'uint16_t * {aka short unsigned int *}'
 int calculate_RMS(int16_t waveform[MEMORY_DEPTH]);
     ^~~~~~~~~~~~~
arm-none-eabi-gcc -o "code.elf" @"objects.list"   -mcpu=cortex-m4 -T"C:\Users\Kamil\Documents\STM32_oscilloscope\code\STM32L476RGTX_FLASH.ld" --specs=nosys.specs -Wl,-Map="code.map" -Wl,--gc-sections -static --specs=nano.specs -mfpu=fpv4-sp-d16 -mfloat-abi=hard -mthumb -Wl,--start-group -lc -lm -Wl,--end-group
Finished building target: code.elf
 
arm-none-eabi-objdump -h -S  code.elf  > "code.list"
arm-none-eabi-objcopy  -O binary  code.elf  "code.bin"
arm-none-eabi-size   code.elf 
   text	   data	    bss	    dec	    hex	filename
  47212	    612	  79020	 126844	  1ef7c	code.elf
Finished building: default.size.stdout
 
Finished building: code.bin
 
Finished building: code.list
 
22:40:28 **** Incremental Build of configuration Debug for project code ****
make -j4 all 
arm-none-eabi-gcc "../Core/Src/main.c" -mcpu=cortex-m4 -std=gnu11 -g3 -DUSE_HAL_DRIVER -DSTM32L476xx -DDEBUG -c -I../Core/Inc -I../Drivers/STM32L4xx_HAL_Driver/Inc -I../Drivers/STM32L4xx_HAL_Driver/Inc/Legacy -I../Drivers/CMSIS/Device/ST/STM32L4xx/Include -I../Drivers/CMSIS/Include -I../fonts -O0 -ffunction-sections -fdata-sections -Wall -fstack-usage -MMD -MP -MF"Core/Src/main.d" -MT"Core/Src/main.o" --specs=nano.specs -mfpu=fpv4-sp-d16 -mfloat-abi=hard -mthumb -o "Core/Src/main.o"
../Core/Src/main.c: In function 'drawMenu':
../Core/Src/main.c:179:23: warning: passing argument 1 of 'drawImageTransparent' from incompatible pointer type [-Wincompatible-pointer-types]
  drawImageTransparent(arrowUpDown, 447, 105, 8, 15);
                       ^~~~~~~~~~~
In file included from ../Core/Src/main.c:32:0:
../Core/Inc/ili9488.h:158:6: note: expected 'const uint8_t * {aka const unsigned char *}' but argument is of type 'uint8_t (*)[8] {aka unsigned char (*)[8]}'
 void drawImageTransparent(const uint8_t* img, uint16_t x, uint16_t y, uint16_t w, uint16_t h);
      ^~~~~~~~~~~~~~~~~~~~
../Core/Src/main.c:182:23: warning: passing argument 1 of 'drawImageTransparent' from incompatible pointer type [-Wincompatible-pointer-types]
  drawImageTransparent(arrowLeftRight, 443, 108 + 42, 15, 7);
                       ^~~~~~~~~~~~~~
In file included from ../Core/Src/main.c:32:0:
../Core/Inc/ili9488.h:158:6: note: expected 'const uint8_t * {aka const unsigned char *}' but argument is of type 'uint8_t (*)[15] {aka unsigned char (*)[15]}'
 void drawImageTransparent(const uint8_t* img, uint16_t x, uint16_t y, uint16_t w, uint16_t h);
      ^~~~~~~~~~~~~~~~~~~~
../Core/Src/main.c: In function 'main':
../Core/Src/main.c:285:25: warning: passing argument 1 of 'drawImageTransparent' from incompatible pointer type [-Wincompatible-pointer-types]
    drawImageTransparent(trigRisingIcon, 440, 5, 9, 15);
                         ^~~~~~~~~~~~~~
In file included from ../Core/Src/main.c:32:0:
../Core/Inc/ili9488.h:158:6: note: expected 'const uint8_t * {aka const unsigned char *}' but argument is of type 'uint8_t (*)[9] {aka unsigned char (*)[9]}'
 void drawImageTransparent(const uint8_t* img, uint16_t x, uint16_t y, uint16_t w, uint16_t h);
      ^~~~~~~~~~~~~~~~~~~~
../Core/Src/main.c:359:19: warning: format '%d' expects argument of type 'int', but argument 3 has type 'int32_t {aka long int}' [-Wformat=]
     sprintf(buf,"%d", encoder1);
                  ~^
                  %ld
../Core/Src/main.c:393:49: warning: pointer targets in passing argument 1 of 'calculate_peak_to_peak' differ in signedness [-Wpointer-sign]
    sprintf(buf,"Vpp=%d", calculate_peak_to_peak(CH1.waveform));
                                                 ^~~
In file included from ../Core/Src/main.c:34:0:
../Core/Inc/oscilloscope.h:34:5: note: expected 'int16_t * {aka short int *}' but argument is of type 'uint16_t * {aka short unsigned int *}'
 int calculate_peak_to_peak(int16_t waveform[MEMORY_DEPTH]);
     ^~~~~~~~~~~~~~~~~~~~~~
../Core/Src/main.c:395:41: warning: pointer targets in passing argument 1 of 'calculate_RMS' differ in signedness [-Wpointer-sign]
    sprintf(buf,"Vrms=%d", calculate_RMS(CH1.waveform));
                                         ^~~
In file included from ../Core/Src/main.c:34:0:
../Core/Inc/oscilloscope.h:35:5: note: expected 'int16_t * {aka short int *}' but argument is of type 'uint16_t * {aka short unsigned int *}'
 int calculate_RMS(int16_t waveform[MEMORY_DEPTH]);
     ^~~~~~~~~~~~~
arm-none-eabi-gcc -o "code.elf" @"objects.list"   -mcpu=cortex-m4 -T"C:\Users\Kamil\Documents\STM32_oscilloscope\code\STM32L476RGTX_FLASH.ld" --specs=nosys.specs -Wl,-Map="code.map" -Wl,--gc-sections -static --specs=nano.specs -mfpu=fpv4-sp-d16 -mfloat-abi=hard -mthumb -Wl,--start-group -lc -lm -Wl,--end-group
Finished building target: code.elf
 
arm-none-eabi-objdump -h -S  code.elf  > "code.list"
arm-none-eabi-objcopy  -O binary  code.elf  "code.bin"
arm-none-eabi-size   code.elf 
   text	   data	    bss	    dec	    hex	filename
  47216	    612	  79020	 126848	  1ef80	code.elf
Finished building: default.size.stdout
 
Finished building: code.bin
 
Finished building: code.list
 
22:42:54 **** Incremental Build of configuration Debug for project code ****
make -j4 all 
arm-none-eabi-gcc "../Core/Src/main.c" -mcpu=cortex-m4 -std=gnu11 -g3 -DUSE_HAL_DRIVER -DSTM32L476xx -DDEBUG -c -I../Core/Inc -I../Drivers/STM32L4xx_HAL_Driver/Inc -I../Drivers/STM32L4xx_HAL_Driver/Inc/Legacy -I../Drivers/CMSIS/Device/ST/STM32L4xx/Include -I../Drivers/CMSIS/Include -I../fonts -O0 -ffunction-sections -fdata-sections -Wall -fstack-usage -MMD -MP -MF"Core/Src/main.d" -MT"Core/Src/main.o" --specs=nano.specs -mfpu=fpv4-sp-d16 -mfloat-abi=hard -mthumb -o "Core/Src/main.o"
../Core/Src/main.c: In function 'drawMenu':
../Core/Src/main.c:179:23: warning: passing argument 1 of 'drawImageTransparent' from incompatible pointer type [-Wincompatible-pointer-types]
  drawImageTransparent(arrowUpDown, 447, 105, 8, 15);
                       ^~~~~~~~~~~
In file included from ../Core/Src/main.c:32:0:
../Core/Inc/ili9488.h:158:6: note: expected 'const uint8_t * {aka const unsigned char *}' but argument is of type 'uint8_t (*)[8] {aka unsigned char (*)[8]}'
 void drawImageTransparent(const uint8_t* img, uint16_t x, uint16_t y, uint16_t w, uint16_t h);
      ^~~~~~~~~~~~~~~~~~~~
../Core/Src/main.c:182:23: warning: passing argument 1 of 'drawImageTransparent' from incompatible pointer type [-Wincompatible-pointer-types]
  drawImageTransparent(arrowLeftRight, 443, 108 + 42, 15, 7);
                       ^~~~~~~~~~~~~~
In file included from ../Core/Src/main.c:32:0:
../Core/Inc/ili9488.h:158:6: note: expected 'const uint8_t * {aka const unsigned char *}' but argument is of type 'uint8_t (*)[15] {aka unsigned char (*)[15]}'
 void drawImageTransparent(const uint8_t* img, uint16_t x, uint16_t y, uint16_t w, uint16_t h);
      ^~~~~~~~~~~~~~~~~~~~
../Core/Src/main.c: In function 'main':
../Core/Src/main.c:285:25: warning: passing argument 1 of 'drawImageTransparent' from incompatible pointer type [-Wincompatible-pointer-types]
    drawImageTransparent(trigRisingIcon, 440, 5, 9, 15);
                         ^~~~~~~~~~~~~~
In file included from ../Core/Src/main.c:32:0:
../Core/Inc/ili9488.h:158:6: note: expected 'const uint8_t * {aka const unsigned char *}' but argument is of type 'uint8_t (*)[9] {aka unsigned char (*)[9]}'
 void drawImageTransparent(const uint8_t* img, uint16_t x, uint16_t y, uint16_t w, uint16_t h);
      ^~~~~~~~~~~~~~~~~~~~
../Core/Src/main.c:359:19: warning: format '%d' expects argument of type 'int', but argument 3 has type 'int32_t {aka long int}' [-Wformat=]
     sprintf(buf,"%d", encoder1);
                  ~^
                  %ld
../Core/Src/main.c:393:49: warning: pointer targets in passing argument 1 of 'calculate_peak_to_peak' differ in signedness [-Wpointer-sign]
    sprintf(buf,"Vpp=%d", calculate_peak_to_peak(CH1.waveform));
                                                 ^~~
In file included from ../Core/Src/main.c:34:0:
../Core/Inc/oscilloscope.h:34:5: note: expected 'int16_t * {aka short int *}' but argument is of type 'uint16_t * {aka short unsigned int *}'
 int calculate_peak_to_peak(int16_t waveform[MEMORY_DEPTH]);
     ^~~~~~~~~~~~~~~~~~~~~~
../Core/Src/main.c:395:41: warning: pointer targets in passing argument 1 of 'calculate_RMS' differ in signedness [-Wpointer-sign]
    sprintf(buf,"Vrms=%d", calculate_RMS(CH1.waveform));
                                         ^~~
In file included from ../Core/Src/main.c:34:0:
../Core/Inc/oscilloscope.h:35:5: note: expected 'int16_t * {aka short int *}' but argument is of type 'uint16_t * {aka short unsigned int *}'
 int calculate_RMS(int16_t waveform[MEMORY_DEPTH]);
     ^~~~~~~~~~~~~
arm-none-eabi-gcc -o "code.elf" @"objects.list"   -mcpu=cortex-m4 -T"C:\Users\Kamil\Documents\STM32_oscilloscope\code\STM32L476RGTX_FLASH.ld" --specs=nosys.specs -Wl,-Map="code.map" -Wl,--gc-sections -static --specs=nano.specs -mfpu=fpv4-sp-d16 -mfloat-abi=hard -mthumb -Wl,--start-group -lc -lm -Wl,--end-group
Finished building target: code.elf
 
arm-none-eabi-objdump -h -S  code.elf  > "code.list"
arm-none-eabi-objcopy  -O binary  code.elf  "code.bin"
arm-none-eabi-size   code.elf 
   text	   data	    bss	    dec	    hex	filename
  46948	    612	  79012	 126572	  1ee6c	code.elf
Finished building: default.size.stdout
 
Finished building: code.bin
 
Finished building: code.list
 
22:43:54 **** Incremental Build of configuration Debug for project code ****
make -j4 all 
arm-none-eabi-gcc "../Core/Src/main.c" -mcpu=cortex-m4 -std=gnu11 -g3 -DUSE_HAL_DRIVER -DSTM32L476xx -DDEBUG -c -I../Core/Inc -I../Drivers/STM32L4xx_HAL_Driver/Inc -I../Drivers/STM32L4xx_HAL_Driver/Inc/Legacy -I../Drivers/CMSIS/Device/ST/STM32L4xx/Include -I../Drivers/CMSIS/Include -I../fonts -O0 -ffunction-sections -fdata-sections -Wall -fstack-usage -MMD -MP -MF"Core/Src/main.d" -MT"Core/Src/main.o" --specs=nano.specs -mfpu=fpv4-sp-d16 -mfloat-abi=hard -mthumb -o "Core/Src/main.o"
../Core/Src/main.c: In function 'drawMenu':
../Core/Src/main.c:179:23: warning: passing argument 1 of 'drawImageTransparent' from incompatible pointer type [-Wincompatible-pointer-types]
  drawImageTransparent(arrowUpDown, 447, 105, 8, 15);
                       ^~~~~~~~~~~
In file included from ../Core/Src/main.c:32:0:
../Core/Inc/ili9488.h:158:6: note: expected 'const uint8_t * {aka const unsigned char *}' but argument is of type 'uint8_t (*)[8] {aka unsigned char (*)[8]}'
 void drawImageTransparent(const uint8_t* img, uint16_t x, uint16_t y, uint16_t w, uint16_t h);
      ^~~~~~~~~~~~~~~~~~~~
../Core/Src/main.c:182:23: warning: passing argument 1 of 'drawImageTransparent' from incompatible pointer type [-Wincompatible-pointer-types]
  drawImageTransparent(arrowLeftRight, 443, 108 + 42, 15, 7);
                       ^~~~~~~~~~~~~~
In file included from ../Core/Src/main.c:32:0:
../Core/Inc/ili9488.h:158:6: note: expected 'const uint8_t * {aka const unsigned char *}' but argument is of type 'uint8_t (*)[15] {aka unsigned char (*)[15]}'
 void drawImageTransparent(const uint8_t* img, uint16_t x, uint16_t y, uint16_t w, uint16_t h);
      ^~~~~~~~~~~~~~~~~~~~
../Core/Src/main.c: In function 'main':
../Core/Src/main.c:285:25: warning: passing argument 1 of 'drawImageTransparent' from incompatible pointer type [-Wincompatible-pointer-types]
    drawImageTransparent(trigRisingIcon, 440, 5, 9, 15);
                         ^~~~~~~~~~~~~~
In file included from ../Core/Src/main.c:32:0:
../Core/Inc/ili9488.h:158:6: note: expected 'const uint8_t * {aka const unsigned char *}' but argument is of type 'uint8_t (*)[9] {aka unsigned char (*)[9]}'
 void drawImageTransparent(const uint8_t* img, uint16_t x, uint16_t y, uint16_t w, uint16_t h);
      ^~~~~~~~~~~~~~~~~~~~
../Core/Src/main.c:359:19: warning: format '%d' expects argument of type 'int', but argument 3 has type 'int32_t {aka long int}' [-Wformat=]
     sprintf(buf,"%d", encoder1);
                  ~^
                  %ld
../Core/Src/main.c:393:49: warning: pointer targets in passing argument 1 of 'calculate_peak_to_peak' differ in signedness [-Wpointer-sign]
    sprintf(buf,"Vpp=%d", calculate_peak_to_peak(CH1.waveform));
                                                 ^~~
In file included from ../Core/Src/main.c:34:0:
../Core/Inc/oscilloscope.h:34:5: note: expected 'int16_t * {aka short int *}' but argument is of type 'uint16_t * {aka short unsigned int *}'
 int calculate_peak_to_peak(int16_t waveform[MEMORY_DEPTH]);
     ^~~~~~~~~~~~~~~~~~~~~~
../Core/Src/main.c:395:41: warning: pointer targets in passing argument 1 of 'calculate_RMS' differ in signedness [-Wpointer-sign]
    sprintf(buf,"Vrms=%d", calculate_RMS(CH1.waveform));
                                         ^~~
In file included from ../Core/Src/main.c:34:0:
../Core/Inc/oscilloscope.h:35:5: note: expected 'int16_t * {aka short int *}' but argument is of type 'uint16_t * {aka short unsigned int *}'
 int calculate_RMS(int16_t waveform[MEMORY_DEPTH]);
     ^~~~~~~~~~~~~
arm-none-eabi-gcc -o "code.elf" @"objects.list"   -mcpu=cortex-m4 -T"C:\Users\Kamil\Documents\STM32_oscilloscope\code\STM32L476RGTX_FLASH.ld" --specs=nosys.specs -Wl,-Map="code.map" -Wl,--gc-sections -static --specs=nano.specs -mfpu=fpv4-sp-d16 -mfloat-abi=hard -mthumb -Wl,--start-group -lc -lm -Wl,--end-group
Finished building target: code.elf
 
arm-none-eabi-objdump -h -S  code.elf  > "code.list"
arm-none-eabi-objcopy  -O binary  code.elf  "code.bin"
arm-none-eabi-size   code.elf 
   text	   data	    bss	    dec	    hex	filename
  46944	    612	  79012	 126568	  1ee68	code.elf
Finished building: default.size.stdout
 
Finished building: code.bin
 
Finished building: code.list
 
22:47:15 **** Incremental Build of configuration Debug for project code ****
make -j4 all 
arm-none-eabi-gcc "../Core/Src/main.c" -mcpu=cortex-m4 -std=gnu11 -g3 -DUSE_HAL_DRIVER -DSTM32L476xx -DDEBUG -c -I../Core/Inc -I../Drivers/STM32L4xx_HAL_Driver/Inc -I../Drivers/STM32L4xx_HAL_Driver/Inc/Legacy -I../Drivers/CMSIS/Device/ST/STM32L4xx/Include -I../Drivers/CMSIS/Include -I../fonts -O0 -ffunction-sections -fdata-sections -Wall -fstack-usage -MMD -MP -MF"Core/Src/main.d" -MT"Core/Src/main.o" --specs=nano.specs -mfpu=fpv4-sp-d16 -mfloat-abi=hard -mthumb -o "Core/Src/main.o"
../Core/Src/main.c: In function 'drawMenu':
../Core/Src/main.c:179:23: warning: passing argument 1 of 'drawImageTransparent' from incompatible pointer type [-Wincompatible-pointer-types]
  drawImageTransparent(arrowUpDown, 447, 105, 8, 15);
                       ^~~~~~~~~~~
In file included from ../Core/Src/main.c:32:0:
../Core/Inc/ili9488.h:158:6: note: expected 'const uint8_t * {aka const unsigned char *}' but argument is of type 'uint8_t (*)[8] {aka unsigned char (*)[8]}'
 void drawImageTransparent(const uint8_t* img, uint16_t x, uint16_t y, uint16_t w, uint16_t h);
      ^~~~~~~~~~~~~~~~~~~~
../Core/Src/main.c:182:23: warning: passing argument 1 of 'drawImageTransparent' from incompatible pointer type [-Wincompatible-pointer-types]
  drawImageTransparent(arrowLeftRight, 443, 108 + 42, 15, 7);
                       ^~~~~~~~~~~~~~
In file included from ../Core/Src/main.c:32:0:
../Core/Inc/ili9488.h:158:6: note: expected 'const uint8_t * {aka const unsigned char *}' but argument is of type 'uint8_t (*)[15] {aka unsigned char (*)[15]}'
 void drawImageTransparent(const uint8_t* img, uint16_t x, uint16_t y, uint16_t w, uint16_t h);
      ^~~~~~~~~~~~~~~~~~~~
../Core/Src/main.c: In function 'main':
../Core/Src/main.c:285:25: warning: passing argument 1 of 'drawImageTransparent' from incompatible pointer type [-Wincompatible-pointer-types]
    drawImageTransparent(trigRisingIcon, 440, 5, 9, 15);
                         ^~~~~~~~~~~~~~
In file included from ../Core/Src/main.c:32:0:
../Core/Inc/ili9488.h:158:6: note: expected 'const uint8_t * {aka const unsigned char *}' but argument is of type 'uint8_t (*)[9] {aka unsigned char (*)[9]}'
 void drawImageTransparent(const uint8_t* img, uint16_t x, uint16_t y, uint16_t w, uint16_t h);
      ^~~~~~~~~~~~~~~~~~~~
../Core/Src/main.c:359:19: warning: format '%d' expects argument of type 'int', but argument 3 has type 'int32_t {aka long int}' [-Wformat=]
     sprintf(buf,"%d", encoder1);
                  ~^
                  %ld
../Core/Src/main.c:393:49: warning: pointer targets in passing argument 1 of 'calculate_peak_to_peak' differ in signedness [-Wpointer-sign]
    sprintf(buf,"Vpp=%d", calculate_peak_to_peak(CH1.waveform));
                                                 ^~~
In file included from ../Core/Src/main.c:34:0:
../Core/Inc/oscilloscope.h:34:5: note: expected 'int16_t * {aka short int *}' but argument is of type 'uint16_t * {aka short unsigned int *}'
 int calculate_peak_to_peak(int16_t waveform[MEMORY_DEPTH]);
     ^~~~~~~~~~~~~~~~~~~~~~
../Core/Src/main.c:395:41: warning: pointer targets in passing argument 1 of 'calculate_RMS' differ in signedness [-Wpointer-sign]
    sprintf(buf,"Vrms=%d", calculate_RMS(CH1.waveform));
                                         ^~~
In file included from ../Core/Src/main.c:34:0:
../Core/Inc/oscilloscope.h:35:5: note: expected 'int16_t * {aka short int *}' but argument is of type 'uint16_t * {aka short unsigned int *}'
 int calculate_RMS(int16_t waveform[MEMORY_DEPTH]);
     ^~~~~~~~~~~~~
arm-none-eabi-gcc -o "code.elf" @"objects.list"   -mcpu=cortex-m4 -T"C:\Users\Kamil\Documents\STM32_oscilloscope\code\STM32L476RGTX_FLASH.ld" --specs=nosys.specs -Wl,-Map="code.map" -Wl,--gc-sections -static --specs=nano.specs -mfpu=fpv4-sp-d16 -mfloat-abi=hard -mthumb -Wl,--start-group -lc -lm -Wl,--end-group
Finished building target: code.elf
 
arm-none-eabi-objdump -h -S  code.elf  > "code.list"
arm-none-eabi-objcopy  -O binary  code.elf  "code.bin"
arm-none-eabi-size   code.elf 
   text	   data	    bss	    dec	    hex	filename
  47180	    612	  79020	 126812	  1ef5c	code.elf
Finished building: default.size.stdout
 
Finished building: code.bin
 
Finished building: code.list
 
22:50:15 **** Incremental Build of configuration Debug for project code ****
make -j4 all 
arm-none-eabi-gcc "../Core/Src/main.c" -mcpu=cortex-m4 -std=gnu11 -g3 -DUSE_HAL_DRIVER -DSTM32L476xx -DDEBUG -c -I../Core/Inc -I../Drivers/STM32L4xx_HAL_Driver/Inc -I../Drivers/STM32L4xx_HAL_Driver/Inc/Legacy -I../Drivers/CMSIS/Device/ST/STM32L4xx/Include -I../Drivers/CMSIS/Include -I../fonts -O0 -ffunction-sections -fdata-sections -Wall -fstack-usage -MMD -MP -MF"Core/Src/main.d" -MT"Core/Src/main.o" --specs=nano.specs -mfpu=fpv4-sp-d16 -mfloat-abi=hard -mthumb -o "Core/Src/main.o"
../Core/Src/main.c: In function 'drawMenu':
../Core/Src/main.c:179:23: warning: passing argument 1 of 'drawImageTransparent' from incompatible pointer type [-Wincompatible-pointer-types]
  drawImageTransparent(arrowUpDown, 447, 105, 8, 15);
                       ^~~~~~~~~~~
In file included from ../Core/Src/main.c:32:0:
../Core/Inc/ili9488.h:158:6: note: expected 'const uint8_t * {aka const unsigned char *}' but argument is of type 'uint8_t (*)[8] {aka unsigned char (*)[8]}'
 void drawImageTransparent(const uint8_t* img, uint16_t x, uint16_t y, uint16_t w, uint16_t h);
      ^~~~~~~~~~~~~~~~~~~~
../Core/Src/main.c:182:23: warning: passing argument 1 of 'drawImageTransparent' from incompatible pointer type [-Wincompatible-pointer-types]
  drawImageTransparent(arrowLeftRight, 443, 108 + 42, 15, 7);
                       ^~~~~~~~~~~~~~
In file included from ../Core/Src/main.c:32:0:
../Core/Inc/ili9488.h:158:6: note: expected 'const uint8_t * {aka const unsigned char *}' but argument is of type 'uint8_t (*)[15] {aka unsigned char (*)[15]}'
 void drawImageTransparent(const uint8_t* img, uint16_t x, uint16_t y, uint16_t w, uint16_t h);
      ^~~~~~~~~~~~~~~~~~~~
../Core/Src/main.c: In function 'main':
../Core/Src/main.c:285:25: warning: passing argument 1 of 'drawImageTransparent' from incompatible pointer type [-Wincompatible-pointer-types]
    drawImageTransparent(trigRisingIcon, 440, 5, 9, 15);
                         ^~~~~~~~~~~~~~
In file included from ../Core/Src/main.c:32:0:
../Core/Inc/ili9488.h:158:6: note: expected 'const uint8_t * {aka const unsigned char *}' but argument is of type 'uint8_t (*)[9] {aka unsigned char (*)[9]}'
 void drawImageTransparent(const uint8_t* img, uint16_t x, uint16_t y, uint16_t w, uint16_t h);
      ^~~~~~~~~~~~~~~~~~~~
../Core/Src/main.c:359:19: warning: format '%d' expects argument of type 'int', but argument 3 has type 'int32_t {aka long int}' [-Wformat=]
     sprintf(buf,"%d", encoder1);
                  ~^
                  %ld
../Core/Src/main.c:393:49: warning: pointer targets in passing argument 1 of 'calculate_peak_to_peak' differ in signedness [-Wpointer-sign]
    sprintf(buf,"Vpp=%d", calculate_peak_to_peak(CH1.waveform));
                                                 ^~~
In file included from ../Core/Src/main.c:34:0:
../Core/Inc/oscilloscope.h:34:5: note: expected 'int16_t * {aka short int *}' but argument is of type 'uint16_t * {aka short unsigned int *}'
 int calculate_peak_to_peak(int16_t waveform[MEMORY_DEPTH]);
     ^~~~~~~~~~~~~~~~~~~~~~
../Core/Src/main.c:395:41: warning: pointer targets in passing argument 1 of 'calculate_RMS' differ in signedness [-Wpointer-sign]
    sprintf(buf,"Vrms=%d", calculate_RMS(CH1.waveform));
                                         ^~~
In file included from ../Core/Src/main.c:34:0:
../Core/Inc/oscilloscope.h:35:5: note: expected 'int16_t * {aka short int *}' but argument is of type 'uint16_t * {aka short unsigned int *}'
 int calculate_RMS(int16_t waveform[MEMORY_DEPTH]);
     ^~~~~~~~~~~~~
arm-none-eabi-gcc -o "code.elf" @"objects.list"   -mcpu=cortex-m4 -T"C:\Users\Kamil\Documents\STM32_oscilloscope\code\STM32L476RGTX_FLASH.ld" --specs=nosys.specs -Wl,-Map="code.map" -Wl,--gc-sections -static --specs=nano.specs -mfpu=fpv4-sp-d16 -mfloat-abi=hard -mthumb -Wl,--start-group -lc -lm -Wl,--end-group
Finished building target: code.elf
 
arm-none-eabi-objdump -h -S  code.elf  > "code.list"
arm-none-eabi-objcopy  -O binary  code.elf  "code.bin"
arm-none-eabi-size   code.elf 
   text	   data	    bss	    dec	    hex	filename
  47188	    612	  79020	 126820	  1ef64	code.elf
Finished building: default.size.stdout
 
Finished building: code.bin
 
Finished building: code.list
 
22:53:11 **** Incremental Build of configuration Debug for project code ****
make -j4 all 
arm-none-eabi-gcc "../Core/Src/cursors.c" -mcpu=cortex-m4 -std=gnu11 -g3 -DUSE_HAL_DRIVER -DSTM32L476xx -DDEBUG -c -I../Core/Inc -I../Drivers/STM32L4xx_HAL_Driver/Inc -I../Drivers/STM32L4xx_HAL_Driver/Inc/Legacy -I../Drivers/CMSIS/Device/ST/STM32L4xx/Include -I../Drivers/CMSIS/Include -I../fonts -O0 -ffunction-sections -fdata-sections -Wall -fstack-usage -MMD -MP -MF"Core/Src/cursors.d" -MT"Core/Src/cursors.o" --specs=nano.specs -mfpu=fpv4-sp-d16 -mfloat-abi=hard -mthumb -o "Core/Src/cursors.o"
arm-none-eabi-gcc -o "code.elf" @"objects.list"   -mcpu=cortex-m4 -T"C:\Users\Kamil\Documents\STM32_oscilloscope\code\STM32L476RGTX_FLASH.ld" --specs=nosys.specs -Wl,-Map="code.map" -Wl,--gc-sections -static --specs=nano.specs -mfpu=fpv4-sp-d16 -mfloat-abi=hard -mthumb -Wl,--start-group -lc -lm -Wl,--end-group
Finished building target: code.elf
 
arm-none-eabi-objdump -h -S  code.elf  > "code.list"
arm-none-eabi-objcopy  -O binary  code.elf  "code.bin"
arm-none-eabi-size   code.elf 
   text	   data	    bss	    dec	    hex	filename
  47200	    612	  79020	 126832	  1ef70	code.elf
Finished building: default.size.stdout
 
Finished building: code.bin
 
Finished building: code.list
 
22:53:37 **** Incremental Build of configuration Debug for project code ****
make -j4 all 
arm-none-eabi-gcc "../Core/Src/cursors.c" -mcpu=cortex-m4 -std=gnu11 -g3 -DUSE_HAL_DRIVER -DSTM32L476xx -DDEBUG -c -I../Core/Inc -I../Drivers/STM32L4xx_HAL_Driver/Inc -I../Drivers/STM32L4xx_HAL_Driver/Inc/Legacy -I../Drivers/CMSIS/Device/ST/STM32L4xx/Include -I../Drivers/CMSIS/Include -I../fonts -O0 -ffunction-sections -fdata-sections -Wall -fstack-usage -MMD -MP -MF"Core/Src/cursors.d" -MT"Core/Src/cursors.o" --specs=nano.specs -mfpu=fpv4-sp-d16 -mfloat-abi=hard -mthumb -o "Core/Src/cursors.o"
arm-none-eabi-gcc -o "code.elf" @"objects.list"   -mcpu=cortex-m4 -T"C:\Users\Kamil\Documents\STM32_oscilloscope\code\STM32L476RGTX_FLASH.ld" --specs=nosys.specs -Wl,-Map="code.map" -Wl,--gc-sections -static --specs=nano.specs -mfpu=fpv4-sp-d16 -mfloat-abi=hard -mthumb -Wl,--start-group -lc -lm -Wl,--end-group
Finished building target: code.elf
 
arm-none-eabi-objdump -h -S  code.elf  > "code.list"
arm-none-eabi-objcopy  -O binary  code.elf  "code.bin"
arm-none-eabi-size   code.elf 
   text	   data	    bss	    dec	    hex	filename
  47156	    612	  79020	 126788	  1ef44	code.elf
Finished building: default.size.stdout
 
Finished building: code.bin
 
Finished building: code.list
 
22:57:05 **** Incremental Build of configuration Debug for project code ****
make -j4 all 
arm-none-eabi-gcc "../Core/Src/main.c" -mcpu=cortex-m4 -std=gnu11 -g3 -DUSE_HAL_DRIVER -DSTM32L476xx -DDEBUG -c -I../Core/Inc -I../Drivers/STM32L4xx_HAL_Driver/Inc -I../Drivers/STM32L4xx_HAL_Driver/Inc/Legacy -I../Drivers/CMSIS/Device/ST/STM32L4xx/Include -I../Drivers/CMSIS/Include -I../fonts -O0 -ffunction-sections -fdata-sections -Wall -fstack-usage -MMD -MP -MF"Core/Src/main.d" -MT"Core/Src/main.o" --specs=nano.specs -mfpu=fpv4-sp-d16 -mfloat-abi=hard -mthumb -o "Core/Src/main.o"
../Core/Src/main.c: In function 'drawMenu':
../Core/Src/main.c:179:23: warning: passing argument 1 of 'drawImageTransparent' from incompatible pointer type [-Wincompatible-pointer-types]
  drawImageTransparent(arrowUpDown, 447, 105, 8, 15);
                       ^~~~~~~~~~~
In file included from ../Core/Src/main.c:32:0:
../Core/Inc/ili9488.h:158:6: note: expected 'const uint8_t * {aka const unsigned char *}' but argument is of type 'uint8_t (*)[8] {aka unsigned char (*)[8]}'
 void drawImageTransparent(const uint8_t* img, uint16_t x, uint16_t y, uint16_t w, uint16_t h);
      ^~~~~~~~~~~~~~~~~~~~
../Core/Src/main.c:182:23: warning: passing argument 1 of 'drawImageTransparent' from incompatible pointer type [-Wincompatible-pointer-types]
  drawImageTransparent(arrowLeftRight, 443, 108 + 42, 15, 7);
                       ^~~~~~~~~~~~~~
In file included from ../Core/Src/main.c:32:0:
../Core/Inc/ili9488.h:158:6: note: expected 'const uint8_t * {aka const unsigned char *}' but argument is of type 'uint8_t (*)[15] {aka unsigned char (*)[15]}'
 void drawImageTransparent(const uint8_t* img, uint16_t x, uint16_t y, uint16_t w, uint16_t h);
      ^~~~~~~~~~~~~~~~~~~~
../Core/Src/main.c: In function 'main':
../Core/Src/main.c:285:25: warning: passing argument 1 of 'drawImageTransparent' from incompatible pointer type [-Wincompatible-pointer-types]
    drawImageTransparent(trigRisingIcon, 440, 5, 9, 15);
                         ^~~~~~~~~~~~~~
In file included from ../Core/Src/main.c:32:0:
../Core/Inc/ili9488.h:158:6: note: expected 'const uint8_t * {aka const unsigned char *}' but argument is of type 'uint8_t (*)[9] {aka unsigned char (*)[9]}'
 void drawImageTransparent(const uint8_t* img, uint16_t x, uint16_t y, uint16_t w, uint16_t h);
      ^~~~~~~~~~~~~~~~~~~~
../Core/Src/main.c:393:49: warning: pointer targets in passing argument 1 of 'calculate_peak_to_peak' differ in signedness [-Wpointer-sign]
    sprintf(buf,"Vpp=%d", calculate_peak_to_peak(CH1.waveform));
                                                 ^~~
In file included from ../Core/Src/main.c:34:0:
../Core/Inc/oscilloscope.h:34:5: note: expected 'int16_t * {aka short int *}' but argument is of type 'uint16_t * {aka short unsigned int *}'
 int calculate_peak_to_peak(int16_t waveform[MEMORY_DEPTH]);
     ^~~~~~~~~~~~~~~~~~~~~~
../Core/Src/main.c:395:41: warning: pointer targets in passing argument 1 of 'calculate_RMS' differ in signedness [-Wpointer-sign]
    sprintf(buf,"Vrms=%d", calculate_RMS(CH1.waveform));
                                         ^~~
In file included from ../Core/Src/main.c:34:0:
../Core/Inc/oscilloscope.h:35:5: note: expected 'int16_t * {aka short int *}' but argument is of type 'uint16_t * {aka short unsigned int *}'
 int calculate_RMS(int16_t waveform[MEMORY_DEPTH]);
     ^~~~~~~~~~~~~
arm-none-eabi-gcc -o "code.elf" @"objects.list"   -mcpu=cortex-m4 -T"C:\Users\Kamil\Documents\STM32_oscilloscope\code\STM32L476RGTX_FLASH.ld" --specs=nosys.specs -Wl,-Map="code.map" -Wl,--gc-sections -static --specs=nano.specs -mfpu=fpv4-sp-d16 -mfloat-abi=hard -mthumb -Wl,--start-group -lc -lm -Wl,--end-group
Finished building target: code.elf
 
arm-none-eabi-objdump -h -S  code.elf  > "code.list"
arm-none-eabi-objcopy  -O binary  code.elf  "code.bin"
arm-none-eabi-size   code.elf 
   text	   data	    bss	    dec	    hex	filename
  47156	    612	  79020	 126788	  1ef44	code.elf
Finished building: default.size.stdout
 
Finished building: code.bin
 
Finished building: code.list
 
22:57:33 **** Incremental Build of configuration Debug for project code ****
make -j4 all 
arm-none-eabi-gcc "../Core/Src/cursors.c" -mcpu=cortex-m4 -std=gnu11 -g3 -DUSE_HAL_DRIVER -DSTM32L476xx -DDEBUG -c -I../Core/Inc -I../Drivers/STM32L4xx_HAL_Driver/Inc -I../Drivers/STM32L4xx_HAL_Driver/Inc/Legacy -I../Drivers/CMSIS/Device/ST/STM32L4xx/Include -I../Drivers/CMSIS/Include -I../fonts -O0 -ffunction-sections -fdata-sections -Wall -fstack-usage -MMD -MP -MF"Core/Src/cursors.d" -MT"Core/Src/cursors.o" --specs=nano.specs -mfpu=fpv4-sp-d16 -mfloat-abi=hard -mthumb -o "Core/Src/cursors.o"
arm-none-eabi-gcc -o "code.elf" @"objects.list"   -mcpu=cortex-m4 -T"C:\Users\Kamil\Documents\STM32_oscilloscope\code\STM32L476RGTX_FLASH.ld" --specs=nosys.specs -Wl,-Map="code.map" -Wl,--gc-sections -static --specs=nano.specs -mfpu=fpv4-sp-d16 -mfloat-abi=hard -mthumb -Wl,--start-group -lc -lm -Wl,--end-group
Finished building target: code.elf
 
arm-none-eabi-objdump -h -S  code.elf  > "code.list"
arm-none-eabi-objcopy  -O binary  code.elf  "code.bin"
arm-none-eabi-size   code.elf 
   text	   data	    bss	    dec	    hex	filename
  47188	    612	  79020	 126820	  1ef64	code.elf
Finished building: default.size.stdout
 
Finished building: code.bin
 
Finished building: code.list
 
23:01:36 **** Incremental Build of configuration Debug for project code ****
make -j4 all 
arm-none-eabi-gcc "../Core/Src/cursors.c" -mcpu=cortex-m4 -std=gnu11 -g3 -DUSE_HAL_DRIVER -DSTM32L476xx -DDEBUG -c -I../Core/Inc -I../Drivers/STM32L4xx_HAL_Driver/Inc -I../Drivers/STM32L4xx_HAL_Driver/Inc/Legacy -I../Drivers/CMSIS/Device/ST/STM32L4xx/Include -I../Drivers/CMSIS/Include -I../fonts -O0 -ffunction-sections -fdata-sections -Wall -fstack-usage -MMD -MP -MF"Core/Src/cursors.d" -MT"Core/Src/cursors.o" --specs=nano.specs -mfpu=fpv4-sp-d16 -mfloat-abi=hard -mthumb -o "Core/Src/cursors.o"
arm-none-eabi-gcc -o "code.elf" @"objects.list"   -mcpu=cortex-m4 -T"C:\Users\Kamil\Documents\STM32_oscilloscope\code\STM32L476RGTX_FLASH.ld" --specs=nosys.specs -Wl,-Map="code.map" -Wl,--gc-sections -static --specs=nano.specs -mfpu=fpv4-sp-d16 -mfloat-abi=hard -mthumb -Wl,--start-group -lc -lm -Wl,--end-group
Finished building target: code.elf
 
arm-none-eabi-objdump -h -S  code.elf  > "code.list"
arm-none-eabi-objcopy  -O binary  code.elf  "code.bin"
arm-none-eabi-size   code.elf 
   text	   data	    bss	    dec	    hex	filename
  47188	    612	  79020	 126820	  1ef64	code.elf
Finished building: default.size.stdout
 
Finished building: code.bin
 
Finished building: code.list
 
23:05:18 **** Incremental Build of configuration Debug for project code ****
make -j4 all 
arm-none-eabi-gcc "../Core/Src/main.c" -mcpu=cortex-m4 -std=gnu11 -g3 -DUSE_HAL_DRIVER -DSTM32L476xx -DDEBUG -c -I../Core/Inc -I../Drivers/STM32L4xx_HAL_Driver/Inc -I../Drivers/STM32L4xx_HAL_Driver/Inc/Legacy -I../Drivers/CMSIS/Device/ST/STM32L4xx/Include -I../Drivers/CMSIS/Include -I../fonts -O0 -ffunction-sections -fdata-sections -Wall -fstack-usage -MMD -MP -MF"Core/Src/main.d" -MT"Core/Src/main.o" --specs=nano.specs -mfpu=fpv4-sp-d16 -mfloat-abi=hard -mthumb -o "Core/Src/main.o"
../Core/Src/main.c: In function 'drawMenu':
../Core/Src/main.c:179:23: warning: passing argument 1 of 'drawImageTransparent' from incompatible pointer type [-Wincompatible-pointer-types]
  drawImageTransparent(arrowUpDown, 447, 105, 8, 15);
                       ^~~~~~~~~~~
In file included from ../Core/Src/main.c:32:0:
../Core/Inc/ili9488.h:158:6: note: expected 'const uint8_t * {aka const unsigned char *}' but argument is of type 'uint8_t (*)[8] {aka unsigned char (*)[8]}'
 void drawImageTransparent(const uint8_t* img, uint16_t x, uint16_t y, uint16_t w, uint16_t h);
      ^~~~~~~~~~~~~~~~~~~~
../Core/Src/main.c:182:23: warning: passing argument 1 of 'drawImageTransparent' from incompatible pointer type [-Wincompatible-pointer-types]
  drawImageTransparent(arrowLeftRight, 443, 108 + 42, 15, 7);
                       ^~~~~~~~~~~~~~
In file included from ../Core/Src/main.c:32:0:
../Core/Inc/ili9488.h:158:6: note: expected 'const uint8_t * {aka const unsigned char *}' but argument is of type 'uint8_t (*)[15] {aka unsigned char (*)[15]}'
 void drawImageTransparent(const uint8_t* img, uint16_t x, uint16_t y, uint16_t w, uint16_t h);
      ^~~~~~~~~~~~~~~~~~~~
../Core/Src/main.c: In function 'main':
../Core/Src/main.c:285:25: warning: passing argument 1 of 'drawImageTransparent' from incompatible pointer type [-Wincompatible-pointer-types]
    drawImageTransparent(trigRisingIcon, 440, 5, 9, 15);
                         ^~~~~~~~~~~~~~
In file included from ../Core/Src/main.c:32:0:
../Core/Inc/ili9488.h:158:6: note: expected 'const uint8_t * {aka const unsigned char *}' but argument is of type 'uint8_t (*)[9] {aka unsigned char (*)[9]}'
 void drawImageTransparent(const uint8_t* img, uint16_t x, uint16_t y, uint16_t w, uint16_t h);
      ^~~~~~~~~~~~~~~~~~~~
../Core/Src/main.c:393:49: warning: pointer targets in passing argument 1 of 'calculate_peak_to_peak' differ in signedness [-Wpointer-sign]
    sprintf(buf,"Vpp=%d", calculate_peak_to_peak(CH1.waveform));
                                                 ^~~
In file included from ../Core/Src/main.c:34:0:
../Core/Inc/oscilloscope.h:34:5: note: expected 'int16_t * {aka short int *}' but argument is of type 'uint16_t * {aka short unsigned int *}'
 int calculate_peak_to_peak(int16_t waveform[MEMORY_DEPTH]);
     ^~~~~~~~~~~~~~~~~~~~~~
../Core/Src/main.c:395:41: warning: pointer targets in passing argument 1 of 'calculate_RMS' differ in signedness [-Wpointer-sign]
    sprintf(buf,"Vrms=%d", calculate_RMS(CH1.waveform));
                                         ^~~
In file included from ../Core/Src/main.c:34:0:
../Core/Inc/oscilloscope.h:35:5: note: expected 'int16_t * {aka short int *}' but argument is of type 'uint16_t * {aka short unsigned int *}'
 int calculate_RMS(int16_t waveform[MEMORY_DEPTH]);
     ^~~~~~~~~~~~~
arm-none-eabi-gcc -o "code.elf" @"objects.list"   -mcpu=cortex-m4 -T"C:\Users\Kamil\Documents\STM32_oscilloscope\code\STM32L476RGTX_FLASH.ld" --specs=nosys.specs -Wl,-Map="code.map" -Wl,--gc-sections -static --specs=nano.specs -mfpu=fpv4-sp-d16 -mfloat-abi=hard -mthumb -Wl,--start-group -lc -lm -Wl,--end-group
Finished building target: code.elf
 
arm-none-eabi-objdump -h -S  code.elf  > "code.list"
arm-none-eabi-objcopy  -O binary  code.elf  "code.bin"
arm-none-eabi-size   code.elf 
   text	   data	    bss	    dec	    hex	filename
  47192	    612	  79020	 126824	  1ef68	code.elf
Finished building: default.size.stdout
 
Finished building: code.bin
 
Finished building: code.list
 
23:21:54 **** Incremental Build of configuration Debug for project code ****
make -j4 all 
arm-none-eabi-gcc "../Core/Src/cursors.c" -mcpu=cortex-m4 -std=gnu11 -g3 -DUSE_HAL_DRIVER -DSTM32L476xx -DDEBUG -c -I../Core/Inc -I../Drivers/STM32L4xx_HAL_Driver/Inc -I../Drivers/STM32L4xx_HAL_Driver/Inc/Legacy -I../Drivers/CMSIS/Device/ST/STM32L4xx/Include -I../Drivers/CMSIS/Include -I../fonts -O0 -ffunction-sections -fdata-sections -Wall -fstack-usage -MMD -MP -MF"Core/Src/cursors.d" -MT"Core/Src/cursors.o" --specs=nano.specs -mfpu=fpv4-sp-d16 -mfloat-abi=hard -mthumb -o "Core/Src/cursors.o"
arm-none-eabi-gcc "../Core/Src/main.c" -mcpu=cortex-m4 -std=gnu11 -g3 -DUSE_HAL_DRIVER -DSTM32L476xx -DDEBUG -c -I../Core/Inc -I../Drivers/STM32L4xx_HAL_Driver/Inc -I../Drivers/STM32L4xx_HAL_Driver/Inc/Legacy -I../Drivers/CMSIS/Device/ST/STM32L4xx/Include -I../Drivers/CMSIS/Include -I../fonts -O0 -ffunction-sections -fdata-sections -Wall -fstack-usage -MMD -MP -MF"Core/Src/main.d" -MT"Core/Src/main.o" --specs=nano.specs -mfpu=fpv4-sp-d16 -mfloat-abi=hard -mthumb -o "Core/Src/main.o"
In file included from ../Core/Src/cursors.c:1:0:
../Core/Inc/cursors.h:18:15: warning: 'encoder_button_state' defined but not used [-Wunused-variable]
 static int8_t encoder_button_state = 0;
               ^~~~~~~~~~~~~~~~~~~~
../Core/Src/main.c: In function 'drawMenu':
../Core/Src/main.c:179:23: warning: passing argument 1 of 'drawImageTransparent' from incompatible pointer type [-Wincompatible-pointer-types]
  drawImageTransparent(arrowUpDown, 447, 105, 8, 15);
                       ^~~~~~~~~~~
In file included from ../Core/Src/main.c:32:0:
../Core/Inc/ili9488.h:158:6: note: expected 'const uint8_t * {aka const unsigned char *}' but argument is of type 'uint8_t (*)[8] {aka unsigned char (*)[8]}'
 void drawImageTransparent(const uint8_t* img, uint16_t x, uint16_t y, uint16_t w, uint16_t h);
      ^~~~~~~~~~~~~~~~~~~~
../Core/Src/main.c:182:23: warning: passing argument 1 of 'drawImageTransparent' from incompatible pointer type [-Wincompatible-pointer-types]
  drawImageTransparent(arrowLeftRight, 443, 108 + 42, 15, 7);
                       ^~~~~~~~~~~~~~
In file included from ../Core/Src/main.c:32:0:
../Core/Inc/ili9488.h:158:6: note: expected 'const uint8_t * {aka const unsigned char *}' but argument is of type 'uint8_t (*)[15] {aka unsigned char (*)[15]}'
 void drawImageTransparent(const uint8_t* img, uint16_t x, uint16_t y, uint16_t w, uint16_t h);
      ^~~~~~~~~~~~~~~~~~~~
../Core/Src/main.c: In function 'main':
../Core/Src/main.c:286:25: warning: passing argument 1 of 'drawImageTransparent' from incompatible pointer type [-Wincompatible-pointer-types]
    drawImageTransparent(trigRisingIcon, 440, 5, 9, 15);
                         ^~~~~~~~~~~~~~
In file included from ../Core/Src/main.c:32:0:
../Core/Inc/ili9488.h:158:6: note: expected 'const uint8_t * {aka const unsigned char *}' but argument is of type 'uint8_t (*)[9] {aka unsigned char (*)[9]}'
 void drawImageTransparent(const uint8_t* img, uint16_t x, uint16_t y, uint16_t w, uint16_t h);
      ^~~~~~~~~~~~~~~~~~~~
../Core/Src/main.c:412:49: warning: pointer targets in passing argument 1 of 'calculate_peak_to_peak' differ in signedness [-Wpointer-sign]
    sprintf(buf,"Vpp=%d", calculate_peak_to_peak(CH1.waveform));
                                                 ^~~
In file included from ../Core/Src/main.c:34:0:
../Core/Inc/oscilloscope.h:34:5: note: expected 'int16_t * {aka short int *}' but argument is of type 'uint16_t * {aka short unsigned int *}'
 int calculate_peak_to_peak(int16_t waveform[MEMORY_DEPTH]);
     ^~~~~~~~~~~~~~~~~~~~~~
../Core/Src/main.c:414:41: warning: pointer targets in passing argument 1 of 'calculate_RMS' differ in signedness [-Wpointer-sign]
    sprintf(buf,"Vrms=%d", calculate_RMS(CH1.waveform));
                                         ^~~
In file included from ../Core/Src/main.c:34:0:
../Core/Inc/oscilloscope.h:35:5: note: expected 'int16_t * {aka short int *}' but argument is of type 'uint16_t * {aka short unsigned int *}'
 int calculate_RMS(int16_t waveform[MEMORY_DEPTH]);
     ^~~~~~~~~~~~~
In file included from ../Core/Src/main.c:35:0:
At top level:
../Core/Inc/cursors.h:17:63: warning: 'voltage_cursor_2' defined but not used [-Wunused-variable]
 static int32_t time_cursor_1,time_cursor_2, voltage_cursor_1, voltage_cursor_2;
                                                               ^~~~~~~~~~~~~~~~
../Core/Inc/cursors.h:17:45: warning: 'voltage_cursor_1' defined but not used [-Wunused-variable]
 static int32_t time_cursor_1,time_cursor_2, voltage_cursor_1, voltage_cursor_2;
                                             ^~~~~~~~~~~~~~~~
../Core/Inc/cursors.h:17:30: warning: 'time_cursor_2' defined but not used [-Wunused-variable]
 static int32_t time_cursor_1,time_cursor_2, voltage_cursor_1, voltage_cursor_2;
                              ^~~~~~~~~~~~~
../Core/Inc/cursors.h:17:16: warning: 'time_cursor_1' defined but not used [-Wunused-variable]
 static int32_t time_cursor_1,time_cursor_2, voltage_cursor_1, voltage_cursor_2;
                ^~~~~~~~~~~~~
arm-none-eabi-gcc -o "code.elf" @"objects.list"   -mcpu=cortex-m4 -T"C:\Users\Kamil\Documents\STM32_oscilloscope\code\STM32L476RGTX_FLASH.ld" --specs=nosys.specs -Wl,-Map="code.map" -Wl,--gc-sections -static --specs=nano.specs -mfpu=fpv4-sp-d16 -mfloat-abi=hard -mthumb -Wl,--start-group -lc -lm -Wl,--end-group
Finished building target: code.elf
 
arm-none-eabi-objdump -h -S  code.elf  > "code.list"
arm-none-eabi-objcopy  -O binary  code.elf  "code.bin"
arm-none-eabi-size   code.elf 
   text	   data	    bss	    dec	    hex	filename
  47288	    612	  79028	 126928	  1efd0	code.elf
Finished building: default.size.stdout
 
Finished building: code.bin
 
Finished building: code.list
 
23:23:29 **** Incremental Build of configuration Debug for project code ****
make -j4 all 
arm-none-eabi-gcc "../Core/Src/main.c" -mcpu=cortex-m4 -std=gnu11 -g3 -DUSE_HAL_DRIVER -DSTM32L476xx -DDEBUG -c -I../Core/Inc -I../Drivers/STM32L4xx_HAL_Driver/Inc -I../Drivers/STM32L4xx_HAL_Driver/Inc/Legacy -I../Drivers/CMSIS/Device/ST/STM32L4xx/Include -I../Drivers/CMSIS/Include -I../fonts -O0 -ffunction-sections -fdata-sections -Wall -fstack-usage -MMD -MP -MF"Core/Src/main.d" -MT"Core/Src/main.o" --specs=nano.specs -mfpu=fpv4-sp-d16 -mfloat-abi=hard -mthumb -o "Core/Src/main.o"
../Core/Src/main.c: In function 'drawMenu':
../Core/Src/main.c:179:23: warning: passing argument 1 of 'drawImageTransparent' from incompatible pointer type [-Wincompatible-pointer-types]
  drawImageTransparent(arrowUpDown, 447, 105, 8, 15);
                       ^~~~~~~~~~~
In file included from ../Core/Src/main.c:32:0:
../Core/Inc/ili9488.h:158:6: note: expected 'const uint8_t * {aka const unsigned char *}' but argument is of type 'uint8_t (*)[8] {aka unsigned char (*)[8]}'
 void drawImageTransparent(const uint8_t* img, uint16_t x, uint16_t y, uint16_t w, uint16_t h);
      ^~~~~~~~~~~~~~~~~~~~
../Core/Src/main.c:182:23: warning: passing argument 1 of 'drawImageTransparent' from incompatible pointer type [-Wincompatible-pointer-types]
  drawImageTransparent(arrowLeftRight, 443, 108 + 42, 15, 7);
                       ^~~~~~~~~~~~~~
In file included from ../Core/Src/main.c:32:0:
../Core/Inc/ili9488.h:158:6: note: expected 'const uint8_t * {aka const unsigned char *}' but argument is of type 'uint8_t (*)[15] {aka unsigned char (*)[15]}'
 void drawImageTransparent(const uint8_t* img, uint16_t x, uint16_t y, uint16_t w, uint16_t h);
      ^~~~~~~~~~~~~~~~~~~~
../Core/Src/main.c: In function 'main':
../Core/Src/main.c:286:25: warning: passing argument 1 of 'drawImageTransparent' from incompatible pointer type [-Wincompatible-pointer-types]
    drawImageTransparent(trigRisingIcon, 440, 5, 9, 15);
                         ^~~~~~~~~~~~~~
In file included from ../Core/Src/main.c:32:0:
../Core/Inc/ili9488.h:158:6: note: expected 'const uint8_t * {aka const unsigned char *}' but argument is of type 'uint8_t (*)[9] {aka unsigned char (*)[9]}'
 void drawImageTransparent(const uint8_t* img, uint16_t x, uint16_t y, uint16_t w, uint16_t h);
      ^~~~~~~~~~~~~~~~~~~~
../Core/Src/main.c:414:49: warning: pointer targets in passing argument 1 of 'calculate_peak_to_peak' differ in signedness [-Wpointer-sign]
    sprintf(buf,"Vpp=%d", calculate_peak_to_peak(CH1.waveform));
                                                 ^~~
In file included from ../Core/Src/main.c:34:0:
../Core/Inc/oscilloscope.h:34:5: note: expected 'int16_t * {aka short int *}' but argument is of type 'uint16_t * {aka short unsigned int *}'
 int calculate_peak_to_peak(int16_t waveform[MEMORY_DEPTH]);
     ^~~~~~~~~~~~~~~~~~~~~~
../Core/Src/main.c:416:41: warning: pointer targets in passing argument 1 of 'calculate_RMS' differ in signedness [-Wpointer-sign]
    sprintf(buf,"Vrms=%d", calculate_RMS(CH1.waveform));
                                         ^~~
In file included from ../Core/Src/main.c:34:0:
../Core/Inc/oscilloscope.h:35:5: note: expected 'int16_t * {aka short int *}' but argument is of type 'uint16_t * {aka short unsigned int *}'
 int calculate_RMS(int16_t waveform[MEMORY_DEPTH]);
     ^~~~~~~~~~~~~
In file included from ../Core/Src/main.c:35:0:
At top level:
../Core/Inc/cursors.h:17:63: warning: 'voltage_cursor_2' defined but not used [-Wunused-variable]
 static int32_t time_cursor_1,time_cursor_2, voltage_cursor_1, voltage_cursor_2;
                                                               ^~~~~~~~~~~~~~~~
../Core/Inc/cursors.h:17:45: warning: 'voltage_cursor_1' defined but not used [-Wunused-variable]
 static int32_t time_cursor_1,time_cursor_2, voltage_cursor_1, voltage_cursor_2;
                                             ^~~~~~~~~~~~~~~~
../Core/Inc/cursors.h:17:30: warning: 'time_cursor_2' defined but not used [-Wunused-variable]
 static int32_t time_cursor_1,time_cursor_2, voltage_cursor_1, voltage_cursor_2;
                              ^~~~~~~~~~~~~
../Core/Inc/cursors.h:17:16: warning: 'time_cursor_1' defined but not used [-Wunused-variable]
 static int32_t time_cursor_1,time_cursor_2, voltage_cursor_1, voltage_cursor_2;
                ^~~~~~~~~~~~~
arm-none-eabi-gcc -o "code.elf" @"objects.list"   -mcpu=cortex-m4 -T"C:\Users\Kamil\Documents\STM32_oscilloscope\code\STM32L476RGTX_FLASH.ld" --specs=nosys.specs -Wl,-Map="code.map" -Wl,--gc-sections -static --specs=nano.specs -mfpu=fpv4-sp-d16 -mfloat-abi=hard -mthumb -Wl,--start-group -lc -lm -Wl,--end-group
Finished building target: code.elf
 
arm-none-eabi-objdump -h -S  code.elf  > "code.list"
arm-none-eabi-objcopy  -O binary  code.elf  "code.bin"
arm-none-eabi-size   code.elf 
   text	   data	    bss	    dec	    hex	filename
  47348	    612	  79028	 126988	  1f00c	code.elf
Finished building: default.size.stdout
 
Finished building: code.bin
 
Finished building: code.list
 
23:25:55 **** Incremental Build of configuration Debug for project code ****
make -j4 all 
arm-none-eabi-gcc "../Core/Src/main.c" -mcpu=cortex-m4 -std=gnu11 -g3 -DUSE_HAL_DRIVER -DSTM32L476xx -DDEBUG -c -I../Core/Inc -I../Drivers/STM32L4xx_HAL_Driver/Inc -I../Drivers/STM32L4xx_HAL_Driver/Inc/Legacy -I../Drivers/CMSIS/Device/ST/STM32L4xx/Include -I../Drivers/CMSIS/Include -I../fonts -O0 -ffunction-sections -fdata-sections -Wall -fstack-usage -MMD -MP -MF"Core/Src/main.d" -MT"Core/Src/main.o" --specs=nano.specs -mfpu=fpv4-sp-d16 -mfloat-abi=hard -mthumb -o "Core/Src/main.o"
../Core/Src/main.c: In function 'drawMenu':
../Core/Src/main.c:179:23: warning: passing argument 1 of 'drawImageTransparent' from incompatible pointer type [-Wincompatible-pointer-types]
  drawImageTransparent(arrowUpDown, 447, 105, 8, 15);
                       ^~~~~~~~~~~
In file included from ../Core/Src/main.c:32:0:
../Core/Inc/ili9488.h:158:6: note: expected 'const uint8_t * {aka const unsigned char *}' but argument is of type 'uint8_t (*)[8] {aka unsigned char (*)[8]}'
 void drawImageTransparent(const uint8_t* img, uint16_t x, uint16_t y, uint16_t w, uint16_t h);
      ^~~~~~~~~~~~~~~~~~~~
../Core/Src/main.c:182:23: warning: passing argument 1 of 'drawImageTransparent' from incompatible pointer type [-Wincompatible-pointer-types]
  drawImageTransparent(arrowLeftRight, 443, 108 + 42, 15, 7);
                       ^~~~~~~~~~~~~~
In file included from ../Core/Src/main.c:32:0:
../Core/Inc/ili9488.h:158:6: note: expected 'const uint8_t * {aka const unsigned char *}' but argument is of type 'uint8_t (*)[15] {aka unsigned char (*)[15]}'
 void drawImageTransparent(const uint8_t* img, uint16_t x, uint16_t y, uint16_t w, uint16_t h);
      ^~~~~~~~~~~~~~~~~~~~
../Core/Src/main.c: In function 'main':
../Core/Src/main.c:286:25: warning: passing argument 1 of 'drawImageTransparent' from incompatible pointer type [-Wincompatible-pointer-types]
    drawImageTransparent(trigRisingIcon, 440, 5, 9, 15);
                         ^~~~~~~~~~~~~~
In file included from ../Core/Src/main.c:32:0:
../Core/Inc/ili9488.h:158:6: note: expected 'const uint8_t * {aka const unsigned char *}' but argument is of type 'uint8_t (*)[9] {aka unsigned char (*)[9]}'
 void drawImageTransparent(const uint8_t* img, uint16_t x, uint16_t y, uint16_t w, uint16_t h);
      ^~~~~~~~~~~~~~~~~~~~
../Core/Src/main.c:416:49: warning: pointer targets in passing argument 1 of 'calculate_peak_to_peak' differ in signedness [-Wpointer-sign]
    sprintf(buf,"Vpp=%d", calculate_peak_to_peak(CH1.waveform));
                                                 ^~~
In file included from ../Core/Src/main.c:34:0:
../Core/Inc/oscilloscope.h:34:5: note: expected 'int16_t * {aka short int *}' but argument is of type 'uint16_t * {aka short unsigned int *}'
 int calculate_peak_to_peak(int16_t waveform[MEMORY_DEPTH]);
     ^~~~~~~~~~~~~~~~~~~~~~
../Core/Src/main.c:418:41: warning: pointer targets in passing argument 1 of 'calculate_RMS' differ in signedness [-Wpointer-sign]
    sprintf(buf,"Vrms=%d", calculate_RMS(CH1.waveform));
                                         ^~~
In file included from ../Core/Src/main.c:34:0:
../Core/Inc/oscilloscope.h:35:5: note: expected 'int16_t * {aka short int *}' but argument is of type 'uint16_t * {aka short unsigned int *}'
 int calculate_RMS(int16_t waveform[MEMORY_DEPTH]);
     ^~~~~~~~~~~~~
In file included from ../Core/Src/main.c:35:0:
At top level:
../Core/Inc/cursors.h:17:63: warning: 'voltage_cursor_2' defined but not used [-Wunused-variable]
 static int32_t time_cursor_1,time_cursor_2, voltage_cursor_1, voltage_cursor_2;
                                                               ^~~~~~~~~~~~~~~~
../Core/Inc/cursors.h:17:45: warning: 'voltage_cursor_1' defined but not used [-Wunused-variable]
 static int32_t time_cursor_1,time_cursor_2, voltage_cursor_1, voltage_cursor_2;
                                             ^~~~~~~~~~~~~~~~
../Core/Inc/cursors.h:17:30: warning: 'time_cursor_2' defined but not used [-Wunused-variable]
 static int32_t time_cursor_1,time_cursor_2, voltage_cursor_1, voltage_cursor_2;
                              ^~~~~~~~~~~~~
../Core/Inc/cursors.h:17:16: warning: 'time_cursor_1' defined but not used [-Wunused-variable]
 static int32_t time_cursor_1,time_cursor_2, voltage_cursor_1, voltage_cursor_2;
                ^~~~~~~~~~~~~
arm-none-eabi-gcc -o "code.elf" @"objects.list"   -mcpu=cortex-m4 -T"C:\Users\Kamil\Documents\STM32_oscilloscope\code\STM32L476RGTX_FLASH.ld" --specs=nosys.specs -Wl,-Map="code.map" -Wl,--gc-sections -static --specs=nano.specs -mfpu=fpv4-sp-d16 -mfloat-abi=hard -mthumb -Wl,--start-group -lc -lm -Wl,--end-group
Finished building target: code.elf
 
arm-none-eabi-objdump -h -S  code.elf  > "code.list"
arm-none-eabi-objcopy  -O binary  code.elf  "code.bin"
arm-none-eabi-size   code.elf 
   text	   data	    bss	    dec	    hex	filename
  47424	    612	  79028	 127064	  1f058	code.elf
Finished building: default.size.stdout
Finished building: code.bin
 
 
Finished building: code.list
 
23:27:39 **** Incremental Build of configuration Debug for project code ****
make -j4 all 
arm-none-eabi-gcc "../Core/Src/cursors.c" -mcpu=cortex-m4 -std=gnu11 -g3 -DUSE_HAL_DRIVER -DSTM32L476xx -DDEBUG -c -I../Core/Inc -I../Drivers/STM32L4xx_HAL_Driver/Inc -I../Drivers/STM32L4xx_HAL_Driver/Inc/Legacy -I../Drivers/CMSIS/Device/ST/STM32L4xx/Include -I../Drivers/CMSIS/Include -I../fonts -O0 -ffunction-sections -fdata-sections -Wall -fstack-usage -MMD -MP -MF"Core/Src/cursors.d" -MT"Core/Src/cursors.o" --specs=nano.specs -mfpu=fpv4-sp-d16 -mfloat-abi=hard -mthumb -o "Core/Src/cursors.o"
In file included from ../Core/Src/cursors.c:1:0:
../Core/Inc/cursors.h:18:15: warning: 'encoder_button_state' defined but not used [-Wunused-variable]
 static int8_t encoder_button_state = 0;
               ^~~~~~~~~~~~~~~~~~~~
arm-none-eabi-gcc -o "code.elf" @"objects.list"   -mcpu=cortex-m4 -T"C:\Users\Kamil\Documents\STM32_oscilloscope\code\STM32L476RGTX_FLASH.ld" --specs=nosys.specs -Wl,-Map="code.map" -Wl,--gc-sections -static --specs=nano.specs -mfpu=fpv4-sp-d16 -mfloat-abi=hard -mthumb -Wl,--start-group -lc -lm -Wl,--end-group
Finished building target: code.elf
 
arm-none-eabi-objdump -h -S  code.elf  > "code.list"
arm-none-eabi-objcopy  -O binary  code.elf  "code.bin"
arm-none-eabi-size   code.elf 
   text	   data	    bss	    dec	    hex	filename
  47428	    612	  79028	 127068	  1f05c	code.elf
Finished building: default.size.stdout
 
Finished building: code.bin
 
Finished building: code.list
 
23:34:38 **** Incremental Build of configuration Debug for project code ****
make -j4 all 
arm-none-eabi-gcc "../Core/Src/cursors.c" -mcpu=cortex-m4 -std=gnu11 -g3 -DUSE_HAL_DRIVER -DSTM32L476xx -DDEBUG -c -I../Core/Inc -I../Drivers/STM32L4xx_HAL_Driver/Inc -I../Drivers/STM32L4xx_HAL_Driver/Inc/Legacy -I../Drivers/CMSIS/Device/ST/STM32L4xx/Include -I../Drivers/CMSIS/Include -I../fonts -O0 -ffunction-sections -fdata-sections -Wall -fstack-usage -MMD -MP -MF"Core/Src/cursors.d" -MT"Core/Src/cursors.o" --specs=nano.specs -mfpu=fpv4-sp-d16 -mfloat-abi=hard -mthumb -o "Core/Src/cursors.o"
arm-none-eabi-gcc "../Core/Src/main.c" -mcpu=cortex-m4 -std=gnu11 -g3 -DUSE_HAL_DRIVER -DSTM32L476xx -DDEBUG -c -I../Core/Inc -I../Drivers/STM32L4xx_HAL_Driver/Inc -I../Drivers/STM32L4xx_HAL_Driver/Inc/Legacy -I../Drivers/CMSIS/Device/ST/STM32L4xx/Include -I../Drivers/CMSIS/Include -I../fonts -O0 -ffunction-sections -fdata-sections -Wall -fstack-usage -MMD -MP -MF"Core/Src/main.d" -MT"Core/Src/main.o" --specs=nano.specs -mfpu=fpv4-sp-d16 -mfloat-abi=hard -mthumb -o "Core/Src/main.o"
In file included from ../Core/Src/cursors.c:1:0:
../Core/Inc/cursors.h:18:15: warning: 'encoder_button_state' defined but not used [-Wunused-variable]
 static int8_t encoder_button_state = 0;
               ^~~~~~~~~~~~~~~~~~~~
../Core/Src/main.c: In function 'drawMenu':
../Core/Src/main.c:179:23: warning: passing argument 1 of 'drawImageTransparent' from incompatible pointer type [-Wincompatible-pointer-types]
  drawImageTransparent(arrowUpDown, 447, 105, 8, 15);
                       ^~~~~~~~~~~
In file included from ../Core/Src/main.c:32:0:
../Core/Inc/ili9488.h:158:6: note: expected 'const uint8_t * {aka const unsigned char *}' but argument is of type 'uint8_t (*)[8] {aka unsigned char (*)[8]}'
 void drawImageTransparent(const uint8_t* img, uint16_t x, uint16_t y, uint16_t w, uint16_t h);
      ^~~~~~~~~~~~~~~~~~~~
../Core/Src/main.c:182:23: warning: passing argument 1 of 'drawImageTransparent' from incompatible pointer type [-Wincompatible-pointer-types]
  drawImageTransparent(arrowLeftRight, 443, 108 + 42, 15, 7);
                       ^~~~~~~~~~~~~~
In file included from ../Core/Src/main.c:32:0:
../Core/Inc/ili9488.h:158:6: note: expected 'const uint8_t * {aka const unsigned char *}' but argument is of type 'uint8_t (*)[15] {aka unsigned char (*)[15]}'
 void drawImageTransparent(const uint8_t* img, uint16_t x, uint16_t y, uint16_t w, uint16_t h);
      ^~~~~~~~~~~~~~~~~~~~
../Core/Src/main.c: In function 'main':
../Core/Src/main.c:286:25: warning: passing argument 1 of 'drawImageTransparent' from incompatible pointer type [-Wincompatible-pointer-types]
    drawImageTransparent(trigRisingIcon, 440, 5, 9, 15);
                         ^~~~~~~~~~~~~~
In file included from ../Core/Src/main.c:32:0:
../Core/Inc/ili9488.h:158:6: note: expected 'const uint8_t * {aka const unsigned char *}' but argument is of type 'uint8_t (*)[9] {aka unsigned char (*)[9]}'
 void drawImageTransparent(const uint8_t* img, uint16_t x, uint16_t y, uint16_t w, uint16_t h);
      ^~~~~~~~~~~~~~~~~~~~
../Core/Src/main.c:416:49: warning: pointer targets in passing argument 1 of 'calculate_peak_to_peak' differ in signedness [-Wpointer-sign]
    sprintf(buf,"Vpp=%d", calculate_peak_to_peak(CH1.waveform));
                                                 ^~~
In file included from ../Core/Src/main.c:34:0:
../Core/Inc/oscilloscope.h:34:5: note: expected 'int16_t * {aka short int *}' but argument is of type 'uint16_t * {aka short unsigned int *}'
 int calculate_peak_to_peak(int16_t waveform[MEMORY_DEPTH]);
     ^~~~~~~~~~~~~~~~~~~~~~
../Core/Src/main.c:418:41: warning: pointer targets in passing argument 1 of 'calculate_RMS' differ in signedness [-Wpointer-sign]
    sprintf(buf,"Vrms=%d", calculate_RMS(CH1.waveform));
                                         ^~~
In file included from ../Core/Src/main.c:34:0:
../Core/Inc/oscilloscope.h:35:5: note: expected 'int16_t * {aka short int *}' but argument is of type 'uint16_t * {aka short unsigned int *}'
 int calculate_RMS(int16_t waveform[MEMORY_DEPTH]);
     ^~~~~~~~~~~~~
In file included from ../Core/Src/main.c:35:0:
At top level:
../Core/Inc/cursors.h:17:63: warning: 'voltage_cursor_2' defined but not used [-Wunused-variable]
 static int32_t time_cursor_1,time_cursor_2, voltage_cursor_1, voltage_cursor_2;
                                                               ^~~~~~~~~~~~~~~~
../Core/Inc/cursors.h:17:45: warning: 'voltage_cursor_1' defined but not used [-Wunused-variable]
 static int32_t time_cursor_1,time_cursor_2, voltage_cursor_1, voltage_cursor_2;
                                             ^~~~~~~~~~~~~~~~
../Core/Inc/cursors.h:17:30: warning: 'time_cursor_2' defined but not used [-Wunused-variable]
 static int32_t time_cursor_1,time_cursor_2, voltage_cursor_1, voltage_cursor_2;
                              ^~~~~~~~~~~~~
../Core/Inc/cursors.h:17:16: warning: 'time_cursor_1' defined but not used [-Wunused-variable]
 static int32_t time_cursor_1,time_cursor_2, voltage_cursor_1, voltage_cursor_2;
                ^~~~~~~~~~~~~
arm-none-eabi-gcc -o "code.elf" @"objects.list"   -mcpu=cortex-m4 -T"C:\Users\Kamil\Documents\STM32_oscilloscope\code\STM32L476RGTX_FLASH.ld" --specs=nosys.specs -Wl,-Map="code.map" -Wl,--gc-sections -static --specs=nano.specs -mfpu=fpv4-sp-d16 -mfloat-abi=hard -mthumb -Wl,--start-group -lc -lm -Wl,--end-group
Finished building target: code.elf
 
arm-none-eabi-objdump -h -S  code.elf  > "code.list"
arm-none-eabi-objcopy  -O binary  code.elf  "code.bin"
arm-none-eabi-size   code.elf 
   text	   data	    bss	    dec	    hex	filename
  47428	    612	  79028	 127068	  1f05c	code.elf
Finished building: default.size.stdout
 
Finished building: code.bin
 
Finished building: code.list
 
